2024-10-08 09:32:59 [main] INFO  c.i.e.EmployeeManagementApplication - Starting EmployeeManagementApplication using Java 21.0.4 with PID 16148 (C:\Users\gobi.jagadeesh\Desktop\Java\EmployeeManagementJwt\target\classes started by gobi.jagadeesh in C:\Users\gobi.jagadeesh\Desktop\Java\EmployeeManagementJwt)
2024-10-08 09:32:59 [main] INFO  c.i.e.EmployeeManagementApplication - No active profile set, falling back to 1 default profile: "default"
2024-10-08 09:33:02 [main] INFO  o.s.d.r.c.RepositoryConfigurationDelegate - Bootstrapping Spring Data JPA repositories in DEFAULT mode.
2024-10-08 09:33:02 [main] INFO  o.s.d.r.c.RepositoryConfigurationDelegate - Finished Spring Data repository scanning in 174 ms. Found 4 JPA repository interfaces.
2024-10-08 09:33:04 [main] INFO  o.s.b.w.e.t.TomcatWebServer - Tomcat initialized with port 8080 (http)
2024-10-08 09:33:04 [main] INFO  o.a.c.c.StandardService - Starting service [Tomcat]
2024-10-08 09:33:04 [main] INFO  o.a.c.c.StandardEngine - Starting Servlet engine: [Apache Tomcat/10.1.30]
2024-10-08 09:33:04 [main] INFO  o.a.c.c.C.[.[.[/ems/api] - Initializing Spring embedded WebApplicationContext
2024-10-08 09:33:04 [main] INFO  o.s.b.w.s.c.ServletWebServerApplicationContext - Root WebApplicationContext: initialization completed in 4877 ms
2024-10-08 09:33:05 [main] INFO  o.h.j.i.u.LogHelper - HHH000204: Processing PersistenceUnitInfo [name: default]
2024-10-08 09:33:05 [main] INFO  o.h.Version - HHH000412: Hibernate ORM core version 6.5.3.Final
2024-10-08 09:33:05 [main] INFO  o.h.c.i.RegionFactoryInitiator - HHH000026: Second-level cache disabled
2024-10-08 09:33:06 [main] INFO  o.s.o.j.p.SpringPersistenceUnitInfo - No LoadTimeWeaver setup: ignoring JPA class transformer
2024-10-08 09:33:06 [main] INFO  c.z.h.HikariDataSource - HikariPool-1 - Starting...
2024-10-08 09:33:07 [main] INFO  c.z.h.p.HikariPool - HikariPool-1 - Added connection com.mysql.cj.jdbc.ConnectionImpl@7a0f43dc
2024-10-08 09:33:07 [main] INFO  c.z.h.HikariDataSource - HikariPool-1 - Start completed.
2024-10-08 09:33:08 [main] WARN  o.h.o.deprecation - HHH90000025: MySQL8Dialect does not need to be specified explicitly using 'hibernate.dialect' (remove the property setting and it will be selected by default)
2024-10-08 09:33:08 [main] WARN  o.h.o.deprecation - HHH90000026: MySQL8Dialect has been deprecated; use org.hibernate.dialect.MySQLDialect instead
2024-10-08 09:33:11 [main] INFO  o.h.e.t.j.p.i.JtaPlatformInitiator - HHH000489: No JTA platform available (set 'hibernate.transaction.jta.platform' to enable JTA platform integration)
2024-10-08 09:33:11 [main] INFO  o.s.o.j.LocalContainerEntityManagerFactoryBean - Initialized JPA EntityManagerFactory for persistence unit 'default'
2024-10-08 09:33:13 [main] WARN  o.s.b.a.o.j.JpaBaseConfiguration$JpaWebConfiguration - spring.jpa.open-in-view is enabled by default. Therefore, database queries may be performed during view rendering. Explicitly configure spring.jpa.open-in-view to disable this warning
2024-10-08 09:33:13 [main] INFO  o.s.s.c.a.a.c.InitializeAuthenticationProviderBeanManagerConfigurer$InitializeAuthenticationProviderManagerConfigurer - Global AuthenticationManager configured with AuthenticationProvider bean with name authenticationProvider
2024-10-08 09:33:13 [main] WARN  o.s.s.c.a.a.c.InitializeUserDetailsBeanManagerConfigurer$InitializeUserDetailsManagerConfigurer - Global AuthenticationManager configured with an AuthenticationProvider bean. UserDetailsService beans will not be used for username/password login. Consider removing the AuthenticationProvider bean. Alternatively, consider using the UserDetailsService in a manually instantiated DaoAuthenticationProvider.
2024-10-08 09:33:15 [main] INFO  o.s.b.a.e.w.EndpointLinksResolver - Exposing 1 endpoint beneath base path '/actuator'
2024-10-08 09:33:17 [main] INFO  o.s.b.w.e.t.TomcatWebServer - Tomcat started on port 8080 (http) with context path '/ems/api'
2024-10-08 09:33:17 [main] INFO  c.i.e.EmployeeManagementApplication - Started EmployeeManagementApplication in 19.131 seconds (process running for 20.464)
2024-10-08 09:33:18 [RMI TCP Connection(2)-192.168.16.208] INFO  o.a.c.c.C.[.[.[/ems/api] - Initializing Spring DispatcherServlet 'dispatcherServlet'
2024-10-08 09:33:18 [RMI TCP Connection(2)-192.168.16.208] INFO  o.s.w.s.DispatcherServlet - Initializing Servlet 'dispatcherServlet'
2024-10-08 09:33:18 [RMI TCP Connection(2)-192.168.16.208] INFO  o.s.w.s.DispatcherServlet - Completed initialization in 3 ms
2024-10-08 09:37:31 [SpringApplicationShutdownHook] INFO  o.s.o.j.LocalContainerEntityManagerFactoryBean - Closing JPA EntityManagerFactory for persistence unit 'default'
2024-10-08 09:37:31 [SpringApplicationShutdownHook] INFO  c.z.h.HikariDataSource - HikariPool-1 - Shutdown initiated...
2024-10-08 09:37:31 [SpringApplicationShutdownHook] INFO  c.z.h.HikariDataSource - HikariPool-1 - Shutdown completed.
2024-10-08 09:37:41 [main] INFO  c.i.e.EmployeeManagementApplication - Starting EmployeeManagementApplication using Java 21.0.4 with PID 11828 (C:\Users\gobi.jagadeesh\Desktop\Java\EmployeeManagementJwt\target\classes started by gobi.jagadeesh in C:\Users\gobi.jagadeesh\Desktop\Java\EmployeeManagementJwt)
2024-10-08 09:37:41 [main] INFO  c.i.e.EmployeeManagementApplication - No active profile set, falling back to 1 default profile: "default"
2024-10-08 09:37:43 [main] INFO  o.s.d.r.c.RepositoryConfigurationDelegate - Bootstrapping Spring Data JPA repositories in DEFAULT mode.
2024-10-08 09:37:43 [main] INFO  o.s.d.r.c.RepositoryConfigurationDelegate - Finished Spring Data repository scanning in 91 ms. Found 4 JPA repository interfaces.
2024-10-08 09:37:44 [main] INFO  o.s.b.w.e.t.TomcatWebServer - Tomcat initialized with port 8080 (http)
2024-10-08 09:37:44 [main] INFO  o.a.c.c.StandardService - Starting service [Tomcat]
2024-10-08 09:37:44 [main] INFO  o.a.c.c.StandardEngine - Starting Servlet engine: [Apache Tomcat/10.1.30]
2024-10-08 09:37:44 [main] INFO  o.a.c.c.C.[.[.[/ems/api] - Initializing Spring embedded WebApplicationContext
2024-10-08 09:37:44 [main] INFO  o.s.b.w.s.c.ServletWebServerApplicationContext - Root WebApplicationContext: initialization completed in 3205 ms
2024-10-08 09:37:44 [main] INFO  o.h.j.i.u.LogHelper - HHH000204: Processing PersistenceUnitInfo [name: default]
2024-10-08 09:37:44 [main] INFO  o.h.Version - HHH000412: Hibernate ORM core version 6.5.3.Final
2024-10-08 09:37:44 [main] INFO  o.h.c.i.RegionFactoryInitiator - HHH000026: Second-level cache disabled
2024-10-08 09:37:45 [main] INFO  o.s.o.j.p.SpringPersistenceUnitInfo - No LoadTimeWeaver setup: ignoring JPA class transformer
2024-10-08 09:37:45 [main] INFO  c.z.h.HikariDataSource - HikariPool-1 - Starting...
2024-10-08 09:37:46 [main] INFO  c.z.h.p.HikariPool - HikariPool-1 - Added connection com.mysql.cj.jdbc.ConnectionImpl@58b5d5fc
2024-10-08 09:37:46 [main] INFO  c.z.h.HikariDataSource - HikariPool-1 - Start completed.
2024-10-08 09:37:46 [main] WARN  o.h.o.deprecation - HHH90000025: MySQL8Dialect does not need to be specified explicitly using 'hibernate.dialect' (remove the property setting and it will be selected by default)
2024-10-08 09:37:46 [main] WARN  o.h.o.deprecation - HHH90000026: MySQL8Dialect has been deprecated; use org.hibernate.dialect.MySQLDialect instead
2024-10-08 09:37:47 [main] INFO  o.h.e.t.j.p.i.JtaPlatformInitiator - HHH000489: No JTA platform available (set 'hibernate.transaction.jta.platform' to enable JTA platform integration)
2024-10-08 09:37:48 [main] INFO  o.s.o.j.LocalContainerEntityManagerFactoryBean - Initialized JPA EntityManagerFactory for persistence unit 'default'
2024-10-08 09:37:49 [main] WARN  o.s.b.a.o.j.JpaBaseConfiguration$JpaWebConfiguration - spring.jpa.open-in-view is enabled by default. Therefore, database queries may be performed during view rendering. Explicitly configure spring.jpa.open-in-view to disable this warning
2024-10-08 09:37:49 [main] INFO  o.s.s.c.a.a.c.InitializeAuthenticationProviderBeanManagerConfigurer$InitializeAuthenticationProviderManagerConfigurer - Global AuthenticationManager configured with AuthenticationProvider bean with name authenticationProvider
2024-10-08 09:37:49 [main] WARN  o.s.s.c.a.a.c.InitializeUserDetailsBeanManagerConfigurer$InitializeUserDetailsManagerConfigurer - Global AuthenticationManager configured with an AuthenticationProvider bean. UserDetailsService beans will not be used for username/password login. Consider removing the AuthenticationProvider bean. Alternatively, consider using the UserDetailsService in a manually instantiated DaoAuthenticationProvider.
2024-10-08 09:37:50 [main] INFO  o.s.b.a.e.w.EndpointLinksResolver - Exposing 1 endpoint beneath base path '/actuator'
2024-10-08 09:37:51 [main] INFO  o.s.b.w.e.t.TomcatWebServer - Tomcat started on port 8080 (http) with context path '/ems/api'
2024-10-08 09:37:51 [main] INFO  c.i.e.EmployeeManagementApplication - Started EmployeeManagementApplication in 10.856 seconds (process running for 12.011)
2024-10-08 09:37:52 [RMI TCP Connection(1)-192.168.16.208] INFO  o.a.c.c.C.[.[.[/ems/api] - Initializing Spring DispatcherServlet 'dispatcherServlet'
2024-10-08 09:37:52 [RMI TCP Connection(1)-192.168.16.208] INFO  o.s.w.s.DispatcherServlet - Initializing Servlet 'dispatcherServlet'
2024-10-08 09:37:52 [RMI TCP Connection(1)-192.168.16.208] INFO  o.s.w.s.DispatcherServlet - Completed initialization in 5 ms
2024-10-08 09:42:21 [SpringApplicationShutdownHook] INFO  o.s.o.j.LocalContainerEntityManagerFactoryBean - Closing JPA EntityManagerFactory for persistence unit 'default'
2024-10-08 09:42:21 [SpringApplicationShutdownHook] INFO  c.z.h.HikariDataSource - HikariPool-1 - Shutdown initiated...
2024-10-08 09:42:21 [SpringApplicationShutdownHook] INFO  c.z.h.HikariDataSource - HikariPool-1 - Shutdown completed.
2024-10-08 09:42:31 [main] INFO  c.i.e.EmployeeManagementApplication - Starting EmployeeManagementApplication using Java 21.0.4 with PID 3872 (C:\Users\gobi.jagadeesh\Desktop\Java\EmployeeManagementJwt\target\classes started by gobi.jagadeesh in C:\Users\gobi.jagadeesh\Desktop\Java\EmployeeManagementJwt)
2024-10-08 09:42:31 [main] INFO  c.i.e.EmployeeManagementApplication - No active profile set, falling back to 1 default profile: "default"
2024-10-08 09:42:33 [main] INFO  o.s.d.r.c.RepositoryConfigurationDelegate - Bootstrapping Spring Data JPA repositories in DEFAULT mode.
2024-10-08 09:42:33 [main] INFO  o.s.d.r.c.RepositoryConfigurationDelegate - Finished Spring Data repository scanning in 100 ms. Found 4 JPA repository interfaces.
2024-10-08 09:42:34 [main] INFO  o.s.b.w.e.t.TomcatWebServer - Tomcat initialized with port 8080 (http)
2024-10-08 09:42:34 [main] INFO  o.a.c.c.StandardService - Starting service [Tomcat]
2024-10-08 09:42:34 [main] INFO  o.a.c.c.StandardEngine - Starting Servlet engine: [Apache Tomcat/10.1.30]
2024-10-08 09:42:34 [main] INFO  o.a.c.c.C.[.[.[/ems/api] - Initializing Spring embedded WebApplicationContext
2024-10-08 09:42:34 [main] INFO  o.s.b.w.s.c.ServletWebServerApplicationContext - Root WebApplicationContext: initialization completed in 3194 ms
2024-10-08 09:42:34 [main] INFO  o.h.j.i.u.LogHelper - HHH000204: Processing PersistenceUnitInfo [name: default]
2024-10-08 09:42:34 [main] INFO  o.h.Version - HHH000412: Hibernate ORM core version 6.5.3.Final
2024-10-08 09:42:35 [main] INFO  o.h.c.i.RegionFactoryInitiator - HHH000026: Second-level cache disabled
2024-10-08 09:42:35 [main] INFO  o.s.o.j.p.SpringPersistenceUnitInfo - No LoadTimeWeaver setup: ignoring JPA class transformer
2024-10-08 09:42:35 [main] INFO  c.z.h.HikariDataSource - HikariPool-1 - Starting...
2024-10-08 09:42:36 [main] INFO  c.z.h.p.HikariPool - HikariPool-1 - Added connection com.mysql.cj.jdbc.ConnectionImpl@72bdbfe9
2024-10-08 09:42:36 [main] INFO  c.z.h.HikariDataSource - HikariPool-1 - Start completed.
2024-10-08 09:42:36 [main] WARN  o.h.o.deprecation - HHH90000025: MySQL8Dialect does not need to be specified explicitly using 'hibernate.dialect' (remove the property setting and it will be selected by default)
2024-10-08 09:42:36 [main] WARN  o.h.o.deprecation - HHH90000026: MySQL8Dialect has been deprecated; use org.hibernate.dialect.MySQLDialect instead
2024-10-08 09:42:37 [main] INFO  o.h.e.t.j.p.i.JtaPlatformInitiator - HHH000489: No JTA platform available (set 'hibernate.transaction.jta.platform' to enable JTA platform integration)
2024-10-08 09:42:37 [main] INFO  o.s.o.j.LocalContainerEntityManagerFactoryBean - Initialized JPA EntityManagerFactory for persistence unit 'default'
2024-10-08 09:42:38 [main] WARN  o.s.b.a.o.j.JpaBaseConfiguration$JpaWebConfiguration - spring.jpa.open-in-view is enabled by default. Therefore, database queries may be performed during view rendering. Explicitly configure spring.jpa.open-in-view to disable this warning
2024-10-08 09:42:38 [main] INFO  o.s.s.c.a.a.c.InitializeAuthenticationProviderBeanManagerConfigurer$InitializeAuthenticationProviderManagerConfigurer - Global AuthenticationManager configured with AuthenticationProvider bean with name authenticationProvider
2024-10-08 09:42:38 [main] WARN  o.s.s.c.a.a.c.InitializeUserDetailsBeanManagerConfigurer$InitializeUserDetailsManagerConfigurer - Global AuthenticationManager configured with an AuthenticationProvider bean. UserDetailsService beans will not be used for username/password login. Consider removing the AuthenticationProvider bean. Alternatively, consider using the UserDetailsService in a manually instantiated DaoAuthenticationProvider.
2024-10-08 09:42:39 [main] INFO  o.s.b.a.e.w.EndpointLinksResolver - Exposing 1 endpoint beneath base path '/actuator'
2024-10-08 09:42:41 [main] INFO  o.s.b.w.e.t.TomcatWebServer - Tomcat started on port 8080 (http) with context path '/ems/api'
2024-10-08 09:42:41 [main] INFO  c.i.e.EmployeeManagementApplication - Started EmployeeManagementApplication in 10.756 seconds (process running for 11.836)
2024-10-08 09:42:41 [RMI TCP Connection(2)-192.168.16.208] INFO  o.a.c.c.C.[.[.[/ems/api] - Initializing Spring DispatcherServlet 'dispatcherServlet'
2024-10-08 09:42:41 [RMI TCP Connection(2)-192.168.16.208] INFO  o.s.w.s.DispatcherServlet - Initializing Servlet 'dispatcherServlet'
2024-10-08 09:42:41 [RMI TCP Connection(2)-192.168.16.208] INFO  o.s.w.s.DispatcherServlet - Completed initialization in 4 ms
2024-10-08 09:43:31 [SpringApplicationShutdownHook] INFO  o.s.o.j.LocalContainerEntityManagerFactoryBean - Closing JPA EntityManagerFactory for persistence unit 'default'
2024-10-08 09:43:31 [SpringApplicationShutdownHook] INFO  c.z.h.HikariDataSource - HikariPool-1 - Shutdown initiated...
2024-10-08 09:43:31 [SpringApplicationShutdownHook] INFO  c.z.h.HikariDataSource - HikariPool-1 - Shutdown completed.
2024-10-08 09:43:42 [main] INFO  c.i.e.EmployeeManagementApplication - Starting EmployeeManagementApplication using Java 21.0.4 with PID 13668 (C:\Users\gobi.jagadeesh\Desktop\Java\EmployeeManagementJwt\target\classes started by gobi.jagadeesh in C:\Users\gobi.jagadeesh\Desktop\Java\EmployeeManagementJwt)
2024-10-08 09:43:42 [main] INFO  c.i.e.EmployeeManagementApplication - No active profile set, falling back to 1 default profile: "default"
2024-10-08 09:43:44 [main] INFO  o.s.d.r.c.RepositoryConfigurationDelegate - Bootstrapping Spring Data JPA repositories in DEFAULT mode.
2024-10-08 09:43:44 [main] INFO  o.s.d.r.c.RepositoryConfigurationDelegate - Finished Spring Data repository scanning in 135 ms. Found 4 JPA repository interfaces.
2024-10-08 09:43:46 [main] INFO  o.s.b.w.e.t.TomcatWebServer - Tomcat initialized with port 8080 (http)
2024-10-08 09:43:46 [main] INFO  o.s.b.w.s.c.ServletWebServerApplicationContext - Root WebApplicationContext: initialization completed in 3803 ms
2024-10-08 09:43:46 [main] INFO  o.h.j.i.u.LogHelper - HHH000204: Processing PersistenceUnitInfo [name: default]
2024-10-08 09:43:46 [main] INFO  o.h.Version - HHH000412: Hibernate ORM core version 6.5.3.Final
2024-10-08 09:43:46 [main] INFO  o.h.c.i.RegionFactoryInitiator - HHH000026: Second-level cache disabled
2024-10-08 09:43:47 [main] INFO  o.s.o.j.p.SpringPersistenceUnitInfo - No LoadTimeWeaver setup: ignoring JPA class transformer
2024-10-08 09:43:47 [main] INFO  c.z.h.HikariDataSource - HikariPool-1 - Starting...
2024-10-08 09:43:48 [main] INFO  c.z.h.p.HikariPool - HikariPool-1 - Added connection com.mysql.cj.jdbc.ConnectionImpl@3023f157
2024-10-08 09:43:48 [main] INFO  c.z.h.HikariDataSource - HikariPool-1 - Start completed.
2024-10-08 09:43:48 [main] WARN  o.h.o.deprecation - HHH90000025: MySQL8Dialect does not need to be specified explicitly using 'hibernate.dialect' (remove the property setting and it will be selected by default)
2024-10-08 09:43:48 [main] WARN  o.h.o.deprecation - HHH90000026: MySQL8Dialect has been deprecated; use org.hibernate.dialect.MySQLDialect instead
2024-10-08 09:43:49 [main] INFO  o.h.e.t.j.p.i.JtaPlatformInitiator - HHH000489: No JTA platform available (set 'hibernate.transaction.jta.platform' to enable JTA platform integration)
2024-10-08 09:43:49 [main] INFO  o.s.o.j.LocalContainerEntityManagerFactoryBean - Initialized JPA EntityManagerFactory for persistence unit 'default'
2024-10-08 09:43:50 [main] WARN  o.s.b.a.o.j.JpaBaseConfiguration$JpaWebConfiguration - spring.jpa.open-in-view is enabled by default. Therefore, database queries may be performed during view rendering. Explicitly configure spring.jpa.open-in-view to disable this warning
2024-10-08 09:43:51 [main] INFO  o.s.s.c.a.a.c.InitializeAuthenticationProviderBeanManagerConfigurer$InitializeAuthenticationProviderManagerConfigurer - Global AuthenticationManager configured with AuthenticationProvider bean with name authenticationProvider
2024-10-08 09:43:51 [main] WARN  o.s.s.c.a.a.c.InitializeUserDetailsBeanManagerConfigurer$InitializeUserDetailsManagerConfigurer - Global AuthenticationManager configured with an AuthenticationProvider bean. UserDetailsService beans will not be used for username/password login. Consider removing the AuthenticationProvider bean. Alternatively, consider using the UserDetailsService in a manually instantiated DaoAuthenticationProvider.
2024-10-08 09:43:52 [main] INFO  o.s.b.a.e.w.EndpointLinksResolver - Exposing 1 endpoint beneath base path '/actuator'
2024-10-08 09:43:53 [main] INFO  o.s.b.w.e.t.TomcatWebServer - Tomcat started on port 8080 (http) with context path '/ems/api'
2024-10-08 09:43:53 [main] INFO  c.i.e.EmployeeManagementApplication - Started EmployeeManagementApplication in 11.642 seconds (process running for 12.933)
2024-10-08 09:43:53 [SpringApplicationShutdownHook] INFO  o.s.o.j.LocalContainerEntityManagerFactoryBean - Closing JPA EntityManagerFactory for persistence unit 'default'
2024-10-08 09:43:53 [SpringApplicationShutdownHook] INFO  c.z.h.HikariDataSource - HikariPool-1 - Shutdown initiated...
2024-10-08 09:43:53 [SpringApplicationShutdownHook] INFO  c.z.h.HikariDataSource - HikariPool-1 - Shutdown completed.
2024-10-08 09:44:02 [main] INFO  c.i.e.EmployeeManagementApplication - Starting EmployeeManagementApplication using Java 21.0.4 with PID 10268 (C:\Users\gobi.jagadeesh\Desktop\Java\EmployeeManagementJwt\target\classes started by gobi.jagadeesh in C:\Users\gobi.jagadeesh\Desktop\Java\EmployeeManagementJwt)
2024-10-08 09:44:02 [main] INFO  c.i.e.EmployeeManagementApplication - No active profile set, falling back to 1 default profile: "default"
2024-10-08 09:44:04 [main] INFO  o.s.d.r.c.RepositoryConfigurationDelegate - Bootstrapping Spring Data JPA repositories in DEFAULT mode.
2024-10-08 09:44:04 [main] INFO  o.s.d.r.c.RepositoryConfigurationDelegate - Finished Spring Data repository scanning in 166 ms. Found 4 JPA repository interfaces.
2024-10-08 09:44:06 [main] INFO  o.s.b.w.e.t.TomcatWebServer - Tomcat initialized with port 8080 (http)
2024-10-08 09:44:06 [main] INFO  o.a.c.c.StandardService - Starting service [Tomcat]
2024-10-08 09:44:06 [main] INFO  o.a.c.c.StandardEngine - Starting Servlet engine: [Apache Tomcat/10.1.30]
2024-10-08 09:44:06 [main] INFO  o.a.c.c.C.[.[.[/ems/api] - Initializing Spring embedded WebApplicationContext
2024-10-08 09:44:06 [main] INFO  o.s.b.w.s.c.ServletWebServerApplicationContext - Root WebApplicationContext: initialization completed in 3835 ms
2024-10-08 09:44:07 [main] INFO  o.h.j.i.u.LogHelper - HHH000204: Processing PersistenceUnitInfo [name: default]
2024-10-08 09:44:07 [main] INFO  o.h.Version - HHH000412: Hibernate ORM core version 6.5.3.Final
2024-10-08 09:44:07 [main] INFO  o.h.c.i.RegionFactoryInitiator - HHH000026: Second-level cache disabled
2024-10-08 09:44:07 [main] INFO  o.s.o.j.p.SpringPersistenceUnitInfo - No LoadTimeWeaver setup: ignoring JPA class transformer
2024-10-08 09:44:07 [main] INFO  c.z.h.HikariDataSource - HikariPool-1 - Starting...
2024-10-08 09:44:08 [main] INFO  c.z.h.p.HikariPool - HikariPool-1 - Added connection com.mysql.cj.jdbc.ConnectionImpl@44ae6b66
2024-10-08 09:44:08 [main] INFO  c.z.h.HikariDataSource - HikariPool-1 - Start completed.
2024-10-08 09:44:08 [main] WARN  o.h.o.deprecation - HHH90000025: MySQL8Dialect does not need to be specified explicitly using 'hibernate.dialect' (remove the property setting and it will be selected by default)
2024-10-08 09:44:08 [main] WARN  o.h.o.deprecation - HHH90000026: MySQL8Dialect has been deprecated; use org.hibernate.dialect.MySQLDialect instead
2024-10-08 09:44:10 [main] INFO  o.h.e.t.j.p.i.JtaPlatformInitiator - HHH000489: No JTA platform available (set 'hibernate.transaction.jta.platform' to enable JTA platform integration)
2024-10-08 09:44:10 [main] INFO  o.s.o.j.LocalContainerEntityManagerFactoryBean - Initialized JPA EntityManagerFactory for persistence unit 'default'
2024-10-08 09:44:11 [main] WARN  o.s.b.a.o.j.JpaBaseConfiguration$JpaWebConfiguration - spring.jpa.open-in-view is enabled by default. Therefore, database queries may be performed during view rendering. Explicitly configure spring.jpa.open-in-view to disable this warning
2024-10-08 09:44:11 [main] INFO  o.s.s.c.a.a.c.InitializeAuthenticationProviderBeanManagerConfigurer$InitializeAuthenticationProviderManagerConfigurer - Global AuthenticationManager configured with AuthenticationProvider bean with name authenticationProvider
2024-10-08 09:44:11 [main] WARN  o.s.s.c.a.a.c.InitializeUserDetailsBeanManagerConfigurer$InitializeUserDetailsManagerConfigurer - Global AuthenticationManager configured with an AuthenticationProvider bean. UserDetailsService beans will not be used for username/password login. Consider removing the AuthenticationProvider bean. Alternatively, consider using the UserDetailsService in a manually instantiated DaoAuthenticationProvider.
2024-10-08 09:44:13 [main] INFO  o.s.b.a.e.w.EndpointLinksResolver - Exposing 1 endpoint beneath base path '/actuator'
2024-10-08 09:44:14 [main] INFO  o.s.b.w.e.t.TomcatWebServer - Tomcat started on port 8080 (http) with context path '/ems/api'
2024-10-08 09:44:14 [main] INFO  c.i.e.EmployeeManagementApplication - Started EmployeeManagementApplication in 12.642 seconds (process running for 13.686)
2024-10-08 09:44:15 [RMI TCP Connection(2)-192.168.16.208] INFO  o.a.c.c.C.[.[.[/ems/api] - Initializing Spring DispatcherServlet 'dispatcherServlet'
2024-10-08 09:44:15 [RMI TCP Connection(2)-192.168.16.208] INFO  o.s.w.s.DispatcherServlet - Initializing Servlet 'dispatcherServlet'
2024-10-08 09:44:15 [RMI TCP Connection(2)-192.168.16.208] INFO  o.s.w.s.DispatcherServlet - Completed initialization in 1 ms
2024-10-08 09:45:01 [http-nio-8080-exec-1] INFO  c.i.e.s.EmployeeService - Returning employees list
2024-10-08 09:45:44 [SpringApplicationShutdownHook] INFO  o.s.o.j.LocalContainerEntityManagerFactoryBean - Closing JPA EntityManagerFactory for persistence unit 'default'
2024-10-08 09:45:44 [SpringApplicationShutdownHook] INFO  c.z.h.HikariDataSource - HikariPool-1 - Shutdown initiated...
2024-10-08 09:45:44 [SpringApplicationShutdownHook] INFO  c.z.h.HikariDataSource - HikariPool-1 - Shutdown completed.
2024-10-08 09:45:53 [main] INFO  c.i.e.EmployeeManagementApplication - Starting EmployeeManagementApplication using Java 21.0.4 with PID 7780 (C:\Users\gobi.jagadeesh\Desktop\Java\EmployeeManagementJwt\target\classes started by gobi.jagadeesh in C:\Users\gobi.jagadeesh\Desktop\Java\EmployeeManagementJwt)
2024-10-08 09:45:53 [main] INFO  c.i.e.EmployeeManagementApplication - No active profile set, falling back to 1 default profile: "default"
2024-10-08 09:45:54 [main] INFO  o.s.d.r.c.RepositoryConfigurationDelegate - Bootstrapping Spring Data JPA repositories in DEFAULT mode.
2024-10-08 09:45:55 [main] INFO  o.s.d.r.c.RepositoryConfigurationDelegate - Finished Spring Data repository scanning in 120 ms. Found 4 JPA repository interfaces.
2024-10-08 09:45:56 [main] INFO  o.s.b.w.e.t.TomcatWebServer - Tomcat initialized with port 8080 (http)
2024-10-08 09:45:56 [main] INFO  o.a.c.c.StandardService - Starting service [Tomcat]
2024-10-08 09:45:56 [main] INFO  o.a.c.c.StandardEngine - Starting Servlet engine: [Apache Tomcat/10.1.30]
2024-10-08 09:45:56 [main] INFO  o.a.c.c.C.[.[.[/ems/api] - Initializing Spring embedded WebApplicationContext
2024-10-08 09:45:56 [main] INFO  o.s.b.w.s.c.ServletWebServerApplicationContext - Root WebApplicationContext: initialization completed in 3170 ms
2024-10-08 09:45:56 [main] INFO  o.h.j.i.u.LogHelper - HHH000204: Processing PersistenceUnitInfo [name: default]
2024-10-08 09:45:56 [main] INFO  o.h.Version - HHH000412: Hibernate ORM core version 6.5.3.Final
2024-10-08 09:45:57 [main] INFO  o.h.c.i.RegionFactoryInitiator - HHH000026: Second-level cache disabled
2024-10-08 09:45:57 [main] INFO  o.s.o.j.p.SpringPersistenceUnitInfo - No LoadTimeWeaver setup: ignoring JPA class transformer
2024-10-08 09:45:57 [main] INFO  c.z.h.HikariDataSource - HikariPool-1 - Starting...
2024-10-08 09:45:58 [main] INFO  c.z.h.p.HikariPool - HikariPool-1 - Added connection com.mysql.cj.jdbc.ConnectionImpl@72bdbfe9
2024-10-08 09:45:58 [main] INFO  c.z.h.HikariDataSource - HikariPool-1 - Start completed.
2024-10-08 09:45:58 [main] WARN  o.h.o.deprecation - HHH90000025: MySQL8Dialect does not need to be specified explicitly using 'hibernate.dialect' (remove the property setting and it will be selected by default)
2024-10-08 09:45:58 [main] WARN  o.h.o.deprecation - HHH90000026: MySQL8Dialect has been deprecated; use org.hibernate.dialect.MySQLDialect instead
2024-10-08 09:45:59 [main] INFO  o.h.e.t.j.p.i.JtaPlatformInitiator - HHH000489: No JTA platform available (set 'hibernate.transaction.jta.platform' to enable JTA platform integration)
2024-10-08 09:45:59 [main] INFO  o.s.o.j.LocalContainerEntityManagerFactoryBean - Initialized JPA EntityManagerFactory for persistence unit 'default'
2024-10-08 09:46:00 [main] WARN  o.s.b.a.o.j.JpaBaseConfiguration$JpaWebConfiguration - spring.jpa.open-in-view is enabled by default. Therefore, database queries may be performed during view rendering. Explicitly configure spring.jpa.open-in-view to disable this warning
2024-10-08 09:46:01 [main] INFO  o.s.s.c.a.a.c.InitializeAuthenticationProviderBeanManagerConfigurer$InitializeAuthenticationProviderManagerConfigurer - Global AuthenticationManager configured with AuthenticationProvider bean with name authenticationProvider
2024-10-08 09:46:01 [main] WARN  o.s.s.c.a.a.c.InitializeUserDetailsBeanManagerConfigurer$InitializeUserDetailsManagerConfigurer - Global AuthenticationManager configured with an AuthenticationProvider bean. UserDetailsService beans will not be used for username/password login. Consider removing the AuthenticationProvider bean. Alternatively, consider using the UserDetailsService in a manually instantiated DaoAuthenticationProvider.
2024-10-08 09:46:02 [main] INFO  o.s.b.a.e.w.EndpointLinksResolver - Exposing 1 endpoint beneath base path '/actuator'
2024-10-08 09:46:03 [main] INFO  o.s.b.w.e.t.TomcatWebServer - Tomcat started on port 8080 (http) with context path '/ems/api'
2024-10-08 09:46:03 [main] INFO  c.i.e.EmployeeManagementApplication - Started EmployeeManagementApplication in 10.775 seconds (process running for 11.808)
2024-10-08 09:46:03 [RMI TCP Connection(2)-192.168.16.208] INFO  o.a.c.c.C.[.[.[/ems/api] - Initializing Spring DispatcherServlet 'dispatcherServlet'
2024-10-08 09:46:03 [RMI TCP Connection(2)-192.168.16.208] INFO  o.s.w.s.DispatcherServlet - Initializing Servlet 'dispatcherServlet'
2024-10-08 09:46:03 [RMI TCP Connection(2)-192.168.16.208] INFO  o.s.w.s.DispatcherServlet - Completed initialization in 8 ms
2024-10-08 09:47:32 [SpringApplicationShutdownHook] INFO  o.s.o.j.LocalContainerEntityManagerFactoryBean - Closing JPA EntityManagerFactory for persistence unit 'default'
2024-10-08 09:47:32 [SpringApplicationShutdownHook] INFO  c.z.h.HikariDataSource - HikariPool-1 - Shutdown initiated...
2024-10-08 09:47:32 [SpringApplicationShutdownHook] INFO  c.z.h.HikariDataSource - HikariPool-1 - Shutdown completed.
2024-10-08 09:47:44 [main] INFO  c.i.e.EmployeeManagementApplication - Starting EmployeeManagementApplication using Java 21.0.4 with PID 7252 (C:\Users\gobi.jagadeesh\Desktop\Java\EmployeeManagementJwt\target\classes started by gobi.jagadeesh in C:\Users\gobi.jagadeesh\Desktop\Java\EmployeeManagementJwt)
2024-10-08 09:47:44 [main] INFO  c.i.e.EmployeeManagementApplication - No active profile set, falling back to 1 default profile: "default"
2024-10-08 09:47:46 [main] INFO  o.s.d.r.c.RepositoryConfigurationDelegate - Bootstrapping Spring Data JPA repositories in DEFAULT mode.
2024-10-08 09:47:46 [main] INFO  o.s.d.r.c.RepositoryConfigurationDelegate - Finished Spring Data repository scanning in 163 ms. Found 4 JPA repository interfaces.
2024-10-08 09:47:47 [main] INFO  o.s.b.w.e.t.TomcatWebServer - Tomcat initialized with port 8080 (http)
2024-10-08 09:47:47 [main] INFO  o.a.c.c.StandardService - Starting service [Tomcat]
2024-10-08 09:47:47 [main] INFO  o.a.c.c.StandardEngine - Starting Servlet engine: [Apache Tomcat/10.1.30]
2024-10-08 09:47:47 [main] INFO  o.a.c.c.C.[.[.[/ems/api] - Initializing Spring embedded WebApplicationContext
2024-10-08 09:47:47 [main] INFO  o.s.b.w.s.c.ServletWebServerApplicationContext - Root WebApplicationContext: initialization completed in 3175 ms
2024-10-08 09:47:48 [main] INFO  o.h.j.i.u.LogHelper - HHH000204: Processing PersistenceUnitInfo [name: default]
2024-10-08 09:47:48 [main] INFO  o.h.Version - HHH000412: Hibernate ORM core version 6.5.3.Final
2024-10-08 09:47:48 [main] INFO  o.h.c.i.RegionFactoryInitiator - HHH000026: Second-level cache disabled
2024-10-08 09:47:48 [main] INFO  o.s.o.j.p.SpringPersistenceUnitInfo - No LoadTimeWeaver setup: ignoring JPA class transformer
2024-10-08 09:47:48 [main] INFO  c.z.h.HikariDataSource - HikariPool-1 - Starting...
2024-10-08 09:47:49 [main] INFO  c.z.h.p.HikariPool - HikariPool-1 - Added connection com.mysql.cj.jdbc.ConnectionImpl@796cf2b5
2024-10-08 09:47:49 [main] INFO  c.z.h.HikariDataSource - HikariPool-1 - Start completed.
2024-10-08 09:47:49 [main] WARN  o.h.o.deprecation - HHH90000025: MySQL8Dialect does not need to be specified explicitly using 'hibernate.dialect' (remove the property setting and it will be selected by default)
2024-10-08 09:47:49 [main] WARN  o.h.o.deprecation - HHH90000026: MySQL8Dialect has been deprecated; use org.hibernate.dialect.MySQLDialect instead
2024-10-08 09:47:50 [main] INFO  o.h.e.t.j.p.i.JtaPlatformInitiator - HHH000489: No JTA platform available (set 'hibernate.transaction.jta.platform' to enable JTA platform integration)
2024-10-08 09:47:51 [main] INFO  o.s.o.j.LocalContainerEntityManagerFactoryBean - Initialized JPA EntityManagerFactory for persistence unit 'default'
2024-10-08 09:47:52 [main] WARN  o.s.b.a.o.j.JpaBaseConfiguration$JpaWebConfiguration - spring.jpa.open-in-view is enabled by default. Therefore, database queries may be performed during view rendering. Explicitly configure spring.jpa.open-in-view to disable this warning
2024-10-08 09:47:52 [main] INFO  o.s.s.c.a.a.c.InitializeAuthenticationProviderBeanManagerConfigurer$InitializeAuthenticationProviderManagerConfigurer - Global AuthenticationManager configured with AuthenticationProvider bean with name authenticationProvider
2024-10-08 09:47:52 [main] WARN  o.s.s.c.a.a.c.InitializeUserDetailsBeanManagerConfigurer$InitializeUserDetailsManagerConfigurer - Global AuthenticationManager configured with an AuthenticationProvider bean. UserDetailsService beans will not be used for username/password login. Consider removing the AuthenticationProvider bean. Alternatively, consider using the UserDetailsService in a manually instantiated DaoAuthenticationProvider.
2024-10-08 09:47:54 [main] INFO  o.s.b.a.e.w.EndpointLinksResolver - Exposing 1 endpoint beneath base path '/actuator'
2024-10-08 09:47:55 [main] INFO  o.s.b.w.e.t.TomcatWebServer - Tomcat started on port 8080 (http) with context path '/ems/api'
2024-10-08 09:47:55 [main] INFO  c.i.e.EmployeeManagementApplication - Started EmployeeManagementApplication in 11.426 seconds (process running for 12.433)
2024-10-08 09:47:56 [RMI TCP Connection(4)-192.168.16.208] INFO  o.a.c.c.C.[.[.[/ems/api] - Initializing Spring DispatcherServlet 'dispatcherServlet'
2024-10-08 09:47:56 [RMI TCP Connection(4)-192.168.16.208] INFO  o.s.w.s.DispatcherServlet - Initializing Servlet 'dispatcherServlet'
2024-10-08 09:47:56 [RMI TCP Connection(4)-192.168.16.208] INFO  o.s.w.s.DispatcherServlet - Completed initialization in 5 ms
2024-10-08 10:01:52 [SpringApplicationShutdownHook] INFO  o.s.o.j.LocalContainerEntityManagerFactoryBean - Closing JPA EntityManagerFactory for persistence unit 'default'
2024-10-08 10:01:52 [SpringApplicationShutdownHook] INFO  c.z.h.HikariDataSource - HikariPool-1 - Shutdown initiated...
2024-10-08 10:01:52 [SpringApplicationShutdownHook] INFO  c.z.h.HikariDataSource - HikariPool-1 - Shutdown completed.
2024-10-08 10:02:03 [main] INFO  c.i.e.EmployeeManagementApplication - Starting EmployeeManagementApplication using Java 21.0.4 with PID 6496 (C:\Users\gobi.jagadeesh\Desktop\Java\EmployeeManagementJwt\target\classes started by gobi.jagadeesh in C:\Users\gobi.jagadeesh\Desktop\Java\EmployeeManagementJwt)
2024-10-08 10:02:03 [main] INFO  c.i.e.EmployeeManagementApplication - No active profile set, falling back to 1 default profile: "default"
2024-10-08 10:02:05 [main] INFO  o.s.d.r.c.RepositoryConfigurationDelegate - Bootstrapping Spring Data JPA repositories in DEFAULT mode.
2024-10-08 10:02:05 [main] INFO  o.s.d.r.c.RepositoryConfigurationDelegate - Finished Spring Data repository scanning in 85 ms. Found 4 JPA repository interfaces.
2024-10-08 10:02:06 [main] INFO  o.s.b.w.e.t.TomcatWebServer - Tomcat initialized with port 8080 (http)
2024-10-08 10:02:06 [main] INFO  o.a.c.c.StandardService - Starting service [Tomcat]
2024-10-08 10:02:06 [main] INFO  o.a.c.c.StandardEngine - Starting Servlet engine: [Apache Tomcat/10.1.30]
2024-10-08 10:02:06 [main] INFO  o.a.c.c.C.[.[.[/ems/api] - Initializing Spring embedded WebApplicationContext
2024-10-08 10:02:06 [main] INFO  o.s.b.w.s.c.ServletWebServerApplicationContext - Root WebApplicationContext: initialization completed in 3017 ms
2024-10-08 10:02:06 [main] WARN  o.s.b.a.o.j.JpaBaseConfiguration$JpaWebConfiguration - spring.jpa.open-in-view is enabled by default. Therefore, database queries may be performed during view rendering. Explicitly configure spring.jpa.open-in-view to disable this warning
2024-10-08 10:02:07 [main] INFO  o.h.j.i.u.LogHelper - HHH000204: Processing PersistenceUnitInfo [name: default]
2024-10-08 10:02:07 [main] INFO  o.h.Version - HHH000412: Hibernate ORM core version 6.5.3.Final
2024-10-08 10:02:07 [main] INFO  o.h.c.i.RegionFactoryInitiator - HHH000026: Second-level cache disabled
2024-10-08 10:02:07 [main] INFO  o.s.o.j.p.SpringPersistenceUnitInfo - No LoadTimeWeaver setup: ignoring JPA class transformer
2024-10-08 10:02:07 [main] INFO  c.z.h.HikariDataSource - HikariPool-1 - Starting...
2024-10-08 10:02:08 [main] INFO  c.z.h.p.HikariPool - HikariPool-1 - Added connection com.mysql.cj.jdbc.ConnectionImpl@1a914a00
2024-10-08 10:02:08 [main] INFO  c.z.h.HikariDataSource - HikariPool-1 - Start completed.
2024-10-08 10:02:08 [main] WARN  o.h.o.deprecation - HHH90000025: MySQL8Dialect does not need to be specified explicitly using 'hibernate.dialect' (remove the property setting and it will be selected by default)
2024-10-08 10:02:08 [main] WARN  o.h.o.deprecation - HHH90000026: MySQL8Dialect has been deprecated; use org.hibernate.dialect.MySQLDialect instead
2024-10-08 10:02:10 [main] INFO  o.h.e.t.j.p.i.JtaPlatformInitiator - HHH000489: No JTA platform available (set 'hibernate.transaction.jta.platform' to enable JTA platform integration)
2024-10-08 10:02:10 [main] INFO  o.s.o.j.LocalContainerEntityManagerFactoryBean - Initialized JPA EntityManagerFactory for persistence unit 'default'
2024-10-08 10:02:11 [main] ERROR o.s.b.w.e.t.TomcatStarter - Error starting Tomcat context. Exception: org.springframework.beans.factory.UnsatisfiedDependencyException. Message: Error creating bean with name 'securityConfig': Unsatisfied dependency expressed through field 'jwtTokenFilter': Error creating bean with name 'jwtTokenFilter': Requested bean is currently in creation: Is there an unresolvable circular reference?
2024-10-08 10:02:11 [main] INFO  o.a.c.c.StandardService - Stopping service [Tomcat]
2024-10-08 10:02:11 [main] WARN  o.a.c.l.WebappClassLoaderBase - The web application [ems#api] appears to have started a thread named [HikariPool-1 housekeeper] but has failed to stop it. This is very likely to create a memory leak. Stack trace of thread:
 java.base/jdk.internal.misc.Unsafe.park(Native Method)
 java.base/java.util.concurrent.locks.LockSupport.parkNanos(LockSupport.java:269)
 java.base/java.util.concurrent.locks.AbstractQueuedSynchronizer$ConditionObject.awaitNanos(AbstractQueuedSynchronizer.java:1758)
 java.base/java.util.concurrent.ScheduledThreadPoolExecutor$DelayedWorkQueue.take(ScheduledThreadPoolExecutor.java:1182)
 java.base/java.util.concurrent.ScheduledThreadPoolExecutor$DelayedWorkQueue.take(ScheduledThreadPoolExecutor.java:899)
 java.base/java.util.concurrent.ThreadPoolExecutor.getTask(ThreadPoolExecutor.java:1070)
 java.base/java.util.concurrent.ThreadPoolExecutor.runWorker(ThreadPoolExecutor.java:1130)
 java.base/java.util.concurrent.ThreadPoolExecutor$Worker.run(ThreadPoolExecutor.java:642)
 java.base/java.lang.Thread.run(Thread.java:1583)
2024-10-08 10:02:11 [main] WARN  o.a.c.l.WebappClassLoaderBase - The web application [ems#api] appears to have started a thread named [HikariPool-1 connection adder] but has failed to stop it. This is very likely to create a memory leak. Stack trace of thread:
 java.base/jdk.internal.misc.Unsafe.park(Native Method)
 java.base/java.util.concurrent.locks.LockSupport.parkNanos(LockSupport.java:269)
 java.base/java.util.concurrent.locks.AbstractQueuedSynchronizer$ConditionObject.awaitNanos(AbstractQueuedSynchronizer.java:1758)
 java.base/java.util.concurrent.LinkedBlockingQueue.poll(LinkedBlockingQueue.java:460)
 java.base/java.util.concurrent.ThreadPoolExecutor.getTask(ThreadPoolExecutor.java:1069)
 java.base/java.util.concurrent.ThreadPoolExecutor.runWorker(ThreadPoolExecutor.java:1130)
 java.base/java.util.concurrent.ThreadPoolExecutor$Worker.run(ThreadPoolExecutor.java:642)
 java.base/java.lang.Thread.run(Thread.java:1583)
2024-10-08 10:02:11 [main] WARN  o.s.b.w.s.c.AnnotationConfigServletWebServerApplicationContext - Exception encountered during context initialization - cancelling refresh attempt: org.springframework.context.ApplicationContextException: Unable to start web server
2024-10-08 10:02:11 [main] INFO  o.s.o.j.LocalContainerEntityManagerFactoryBean - Closing JPA EntityManagerFactory for persistence unit 'default'
2024-10-08 10:02:11 [main] INFO  c.z.h.HikariDataSource - HikariPool-1 - Shutdown initiated...
2024-10-08 10:02:11 [main] INFO  c.z.h.HikariDataSource - HikariPool-1 - Shutdown completed.
2024-10-08 10:02:11 [main] INFO  o.s.b.a.l.ConditionEvaluationReportLogger - 

Error starting ApplicationContext. To display the condition evaluation report re-run your application with 'debug' enabled.
2024-10-08 10:02:11 [main] ERROR o.s.b.SpringApplication - Application run failed
org.springframework.context.ApplicationContextException: Unable to start web server
	at org.springframework.boot.web.servlet.context.ServletWebServerApplicationContext.onRefresh(ServletWebServerApplicationContext.java:165)
	at org.springframework.context.support.AbstractApplicationContext.refresh(AbstractApplicationContext.java:619)
	at org.springframework.boot.web.servlet.context.ServletWebServerApplicationContext.refresh(ServletWebServerApplicationContext.java:146)
	at org.springframework.boot.SpringApplication.refresh(SpringApplication.java:754)
	at org.springframework.boot.SpringApplication.refreshContext(SpringApplication.java:456)
	at org.springframework.boot.SpringApplication.run(SpringApplication.java:335)
	at org.springframework.boot.SpringApplication.run(SpringApplication.java:1363)
	at org.springframework.boot.SpringApplication.run(SpringApplication.java:1352)
	at com.i2i.ems.EmployeeManagementApplication.main(EmployeeManagementApplication.java:13)
Caused by: org.springframework.boot.web.server.WebServerException: Unable to start embedded Tomcat
	at org.springframework.boot.web.embedded.tomcat.TomcatWebServer.initialize(TomcatWebServer.java:147)
	at org.springframework.boot.web.embedded.tomcat.TomcatWebServer.<init>(TomcatWebServer.java:107)
	at org.springframework.boot.web.embedded.tomcat.TomcatServletWebServerFactory.getTomcatWebServer(TomcatServletWebServerFactory.java:516)
	at org.springframework.boot.web.embedded.tomcat.TomcatServletWebServerFactory.getWebServer(TomcatServletWebServerFactory.java:222)
	at org.springframework.boot.web.servlet.context.ServletWebServerApplicationContext.createWebServer(ServletWebServerApplicationContext.java:188)
	at org.springframework.boot.web.servlet.context.ServletWebServerApplicationContext.onRefresh(ServletWebServerApplicationContext.java:162)
	... 8 common frames omitted
Caused by: org.springframework.beans.factory.UnsatisfiedDependencyException: Error creating bean with name 'securityConfig': Unsatisfied dependency expressed through field 'jwtTokenFilter': Error creating bean with name 'jwtTokenFilter': Requested bean is currently in creation: Is there an unresolvable circular reference?
	at org.springframework.beans.factory.annotation.AutowiredAnnotationBeanPostProcessor$AutowiredFieldElement.resolveFieldValue(AutowiredAnnotationBeanPostProcessor.java:788)
	at org.springframework.beans.factory.annotation.AutowiredAnnotationBeanPostProcessor$AutowiredFieldElement.inject(AutowiredAnnotationBeanPostProcessor.java:768)
	at org.springframework.beans.factory.annotation.InjectionMetadata.inject(InjectionMetadata.java:145)
	at org.springframework.beans.factory.annotation.AutowiredAnnotationBeanPostProcessor.postProcessProperties(AutowiredAnnotationBeanPostProcessor.java:509)
	at org.springframework.beans.factory.support.AbstractAutowireCapableBeanFactory.populateBean(AbstractAutowireCapableBeanFactory.java:1439)
	at org.springframework.beans.factory.support.AbstractAutowireCapableBeanFactory.doCreateBean(AbstractAutowireCapableBeanFactory.java:599)
	at org.springframework.beans.factory.support.AbstractAutowireCapableBeanFactory.createBean(AbstractAutowireCapableBeanFactory.java:522)
	at org.springframework.beans.factory.support.AbstractBeanFactory.lambda$doGetBean$0(AbstractBeanFactory.java:337)
	at org.springframework.beans.factory.support.DefaultSingletonBeanRegistry.getSingleton(DefaultSingletonBeanRegistry.java:234)
	at org.springframework.beans.factory.support.AbstractBeanFactory.doGetBean(AbstractBeanFactory.java:335)
	at org.springframework.beans.factory.support.AbstractBeanFactory.getBean(AbstractBeanFactory.java:200)
	at org.springframework.beans.factory.support.ConstructorResolver.instantiateUsingFactoryMethod(ConstructorResolver.java:409)
	at org.springframework.beans.factory.support.AbstractAutowireCapableBeanFactory.instantiateUsingFactoryMethod(AbstractAutowireCapableBeanFactory.java:1355)
	at org.springframework.beans.factory.support.AbstractAutowireCapableBeanFactory.createBeanInstance(AbstractAutowireCapableBeanFactory.java:1185)
	at org.springframework.beans.factory.support.AbstractAutowireCapableBeanFactory.doCreateBean(AbstractAutowireCapableBeanFactory.java:562)
	at org.springframework.beans.factory.support.AbstractAutowireCapableBeanFactory.createBean(AbstractAutowireCapableBeanFactory.java:522)
	at org.springframework.beans.factory.support.AbstractBeanFactory.lambda$doGetBean$0(AbstractBeanFactory.java:337)
	at org.springframework.beans.factory.support.DefaultSingletonBeanRegistry.getSingleton(DefaultSingletonBeanRegistry.java:234)
	at org.springframework.beans.factory.support.AbstractBeanFactory.doGetBean(AbstractBeanFactory.java:335)
	at org.springframework.beans.factory.support.AbstractBeanFactory.getBean(AbstractBeanFactory.java:205)
	at org.springframework.boot.web.servlet.ServletContextInitializerBeans.getOrderedBeansOfType(ServletContextInitializerBeans.java:211)
	at org.springframework.boot.web.servlet.ServletContextInitializerBeans.addAsRegistrationBean(ServletContextInitializerBeans.java:174)
	at org.springframework.boot.web.servlet.ServletContextInitializerBeans.addAsRegistrationBean(ServletContextInitializerBeans.java:169)
	at org.springframework.boot.web.servlet.ServletContextInitializerBeans.addAdaptableBeans(ServletContextInitializerBeans.java:154)
	at org.springframework.boot.web.servlet.ServletContextInitializerBeans.<init>(ServletContextInitializerBeans.java:87)
	at org.springframework.boot.web.servlet.context.ServletWebServerApplicationContext.getServletContextInitializerBeans(ServletWebServerApplicationContext.java:266)
	at org.springframework.boot.web.servlet.context.ServletWebServerApplicationContext.selfInitialize(ServletWebServerApplicationContext.java:240)
	at org.springframework.boot.web.embedded.tomcat.TomcatStarter.onStartup(TomcatStarter.java:52)
	at org.apache.catalina.core.StandardContext.startInternal(StandardContext.java:4412)
	at org.apache.catalina.util.LifecycleBase.start(LifecycleBase.java:164)
	at org.apache.catalina.core.ContainerBase$StartChild.call(ContainerBase.java:1203)
	at org.apache.catalina.core.ContainerBase$StartChild.call(ContainerBase.java:1193)
	at java.base/java.util.concurrent.FutureTask.run(FutureTask.java:317)
	at org.apache.tomcat.util.threads.InlineExecutorService.execute(InlineExecutorService.java:75)
	at java.base/java.util.concurrent.AbstractExecutorService.submit(AbstractExecutorService.java:145)
	at org.apache.catalina.core.ContainerBase.startInternal(ContainerBase.java:749)
	at org.apache.catalina.core.StandardHost.startInternal(StandardHost.java:772)
	at org.apache.catalina.util.LifecycleBase.start(LifecycleBase.java:164)
	at org.apache.catalina.core.ContainerBase$StartChild.call(ContainerBase.java:1203)
	at org.apache.catalina.core.ContainerBase$StartChild.call(ContainerBase.java:1193)
	at java.base/java.util.concurrent.FutureTask.run(FutureTask.java:317)
	at org.apache.tomcat.util.threads.InlineExecutorService.execute(InlineExecutorService.java:75)
	at java.base/java.util.concurrent.AbstractExecutorService.submit(AbstractExecutorService.java:145)
	at org.apache.catalina.core.ContainerBase.startInternal(ContainerBase.java:749)
	at org.apache.catalina.core.StandardEngine.startInternal(StandardEngine.java:203)
	at org.apache.catalina.util.LifecycleBase.start(LifecycleBase.java:164)
	at org.apache.catalina.core.StandardService.startInternal(StandardService.java:415)
	at org.apache.catalina.util.LifecycleBase.start(LifecycleBase.java:164)
	at org.apache.catalina.core.StandardServer.startInternal(StandardServer.java:870)
	at org.apache.catalina.util.LifecycleBase.start(LifecycleBase.java:164)
	at org.apache.catalina.startup.Tomcat.start(Tomcat.java:437)
	at org.springframework.boot.web.embedded.tomcat.TomcatWebServer.initialize(TomcatWebServer.java:128)
	... 13 common frames omitted
Caused by: org.springframework.beans.factory.BeanCurrentlyInCreationException: Error creating bean with name 'jwtTokenFilter': Requested bean is currently in creation: Is there an unresolvable circular reference?
	at org.springframework.beans.factory.support.DefaultSingletonBeanRegistry.beforeSingletonCreation(DefaultSingletonBeanRegistry.java:355)
	at org.springframework.beans.factory.support.DefaultSingletonBeanRegistry.getSingleton(DefaultSingletonBeanRegistry.java:227)
	at org.springframework.beans.factory.support.AbstractBeanFactory.doGetBean(AbstractBeanFactory.java:335)
	at org.springframework.beans.factory.support.AbstractBeanFactory.getBean(AbstractBeanFactory.java:200)
	at org.springframework.beans.factory.config.DependencyDescriptor.resolveCandidate(DependencyDescriptor.java:254)
	at org.springframework.beans.factory.support.DefaultListableBeanFactory.doResolveDependency(DefaultListableBeanFactory.java:1443)
	at org.springframework.beans.factory.support.DefaultListableBeanFactory.resolveDependency(DefaultListableBeanFactory.java:1353)
	at org.springframework.beans.factory.annotation.AutowiredAnnotationBeanPostProcessor$AutowiredFieldElement.resolveFieldValue(AutowiredAnnotationBeanPostProcessor.java:785)
	... 64 common frames omitted
2024-10-08 10:05:15 [main] INFO  c.i.e.EmployeeManagementApplication - Starting EmployeeManagementApplication using Java 21.0.4 with PID 12996 (C:\Users\gobi.jagadeesh\Desktop\Java\EmployeeManagementJwt\target\classes started by gobi.jagadeesh in C:\Users\gobi.jagadeesh\Desktop\Java\EmployeeManagementJwt)
2024-10-08 10:05:15 [main] INFO  c.i.e.EmployeeManagementApplication - No active profile set, falling back to 1 default profile: "default"
2024-10-08 10:05:17 [main] INFO  o.s.d.r.c.RepositoryConfigurationDelegate - Bootstrapping Spring Data JPA repositories in DEFAULT mode.
2024-10-08 10:05:17 [main] INFO  o.s.d.r.c.RepositoryConfigurationDelegate - Finished Spring Data repository scanning in 97 ms. Found 4 JPA repository interfaces.
2024-10-08 10:05:18 [main] INFO  o.s.b.w.e.t.TomcatWebServer - Tomcat initialized with port 8080 (http)
2024-10-08 10:05:18 [main] INFO  o.a.c.c.StandardService - Starting service [Tomcat]
2024-10-08 10:05:18 [main] INFO  o.a.c.c.StandardEngine - Starting Servlet engine: [Apache Tomcat/10.1.30]
2024-10-08 10:05:18 [main] INFO  o.a.c.c.C.[.[.[/ems/api] - Initializing Spring embedded WebApplicationContext
2024-10-08 10:05:18 [main] INFO  o.s.b.w.s.c.ServletWebServerApplicationContext - Root WebApplicationContext: initialization completed in 3045 ms
2024-10-08 10:05:19 [main] WARN  o.s.b.a.o.j.JpaBaseConfiguration$JpaWebConfiguration - spring.jpa.open-in-view is enabled by default. Therefore, database queries may be performed during view rendering. Explicitly configure spring.jpa.open-in-view to disable this warning
2024-10-08 10:05:19 [main] INFO  o.h.j.i.u.LogHelper - HHH000204: Processing PersistenceUnitInfo [name: default]
2024-10-08 10:05:19 [main] INFO  o.h.Version - HHH000412: Hibernate ORM core version 6.5.3.Final
2024-10-08 10:05:19 [main] INFO  o.h.c.i.RegionFactoryInitiator - HHH000026: Second-level cache disabled
2024-10-08 10:05:20 [main] INFO  o.s.o.j.p.SpringPersistenceUnitInfo - No LoadTimeWeaver setup: ignoring JPA class transformer
2024-10-08 10:05:20 [main] INFO  c.z.h.HikariDataSource - HikariPool-1 - Starting...
2024-10-08 10:05:20 [main] INFO  c.z.h.p.HikariPool - HikariPool-1 - Added connection com.mysql.cj.jdbc.ConnectionImpl@1ad9d5be
2024-10-08 10:05:20 [main] INFO  c.z.h.HikariDataSource - HikariPool-1 - Start completed.
2024-10-08 10:05:20 [main] WARN  o.h.o.deprecation - HHH90000025: MySQL8Dialect does not need to be specified explicitly using 'hibernate.dialect' (remove the property setting and it will be selected by default)
2024-10-08 10:05:20 [main] WARN  o.h.o.deprecation - HHH90000026: MySQL8Dialect has been deprecated; use org.hibernate.dialect.MySQLDialect instead
2024-10-08 10:05:22 [main] INFO  o.h.e.t.j.p.i.JtaPlatformInitiator - HHH000489: No JTA platform available (set 'hibernate.transaction.jta.platform' to enable JTA platform integration)
2024-10-08 10:05:22 [main] INFO  o.s.o.j.LocalContainerEntityManagerFactoryBean - Initialized JPA EntityManagerFactory for persistence unit 'default'
2024-10-08 10:05:23 [main] INFO  o.s.s.c.a.a.c.InitializeAuthenticationProviderBeanManagerConfigurer$InitializeAuthenticationProviderManagerConfigurer - Global AuthenticationManager configured with AuthenticationProvider bean with name authenticationProvider
2024-10-08 10:05:23 [main] WARN  o.s.s.c.a.a.c.InitializeUserDetailsBeanManagerConfigurer$InitializeUserDetailsManagerConfigurer - Global AuthenticationManager configured with an AuthenticationProvider bean. UserDetailsService beans will not be used for username/password login. Consider removing the AuthenticationProvider bean. Alternatively, consider using the UserDetailsService in a manually instantiated DaoAuthenticationProvider.
2024-10-08 10:05:24 [main] INFO  o.s.b.a.e.w.EndpointLinksResolver - Exposing 1 endpoint beneath base path '/actuator'
2024-10-08 10:05:25 [main] INFO  o.s.b.w.e.t.TomcatWebServer - Tomcat started on port 8080 (http) with context path '/ems/api'
2024-10-08 10:05:25 [main] INFO  c.i.e.EmployeeManagementApplication - Started EmployeeManagementApplication in 10.335 seconds (process running for 11.349)
2024-10-08 10:05:26 [RMI TCP Connection(1)-192.168.16.208] INFO  o.a.c.c.C.[.[.[/ems/api] - Initializing Spring DispatcherServlet 'dispatcherServlet'
2024-10-08 10:05:26 [RMI TCP Connection(1)-192.168.16.208] INFO  o.s.w.s.DispatcherServlet - Initializing Servlet 'dispatcherServlet'
2024-10-08 10:05:26 [RMI TCP Connection(1)-192.168.16.208] INFO  o.s.w.s.DispatcherServlet - Completed initialization in 13 ms
2024-10-08 10:09:08 [SpringApplicationShutdownHook] INFO  o.s.o.j.LocalContainerEntityManagerFactoryBean - Closing JPA EntityManagerFactory for persistence unit 'default'
2024-10-08 10:09:08 [SpringApplicationShutdownHook] INFO  c.z.h.HikariDataSource - HikariPool-1 - Shutdown initiated...
2024-10-08 10:09:08 [SpringApplicationShutdownHook] INFO  c.z.h.HikariDataSource - HikariPool-1 - Shutdown completed.
2024-10-08 10:09:20 [main] INFO  c.i.e.EmployeeManagementApplication - Starting EmployeeManagementApplication using Java 21.0.4 with PID 7544 (C:\Users\gobi.jagadeesh\Desktop\Java\EmployeeManagementJwt\target\classes started by gobi.jagadeesh in C:\Users\gobi.jagadeesh\Desktop\Java\EmployeeManagementJwt)
2024-10-08 10:09:20 [main] INFO  c.i.e.EmployeeManagementApplication - No active profile set, falling back to 1 default profile: "default"
2024-10-08 10:09:22 [main] INFO  o.s.d.r.c.RepositoryConfigurationDelegate - Bootstrapping Spring Data JPA repositories in DEFAULT mode.
2024-10-08 10:09:22 [main] INFO  o.s.d.r.c.RepositoryConfigurationDelegate - Finished Spring Data repository scanning in 86 ms. Found 4 JPA repository interfaces.
2024-10-08 10:09:23 [main] INFO  o.s.b.w.e.t.TomcatWebServer - Tomcat initialized with port 8080 (http)
2024-10-08 10:09:23 [main] INFO  o.a.c.c.StandardService - Starting service [Tomcat]
2024-10-08 10:09:23 [main] INFO  o.a.c.c.StandardEngine - Starting Servlet engine: [Apache Tomcat/10.1.30]
2024-10-08 10:09:23 [main] INFO  o.a.c.c.C.[.[.[/ems/api] - Initializing Spring embedded WebApplicationContext
2024-10-08 10:09:23 [main] INFO  o.s.b.w.s.c.ServletWebServerApplicationContext - Root WebApplicationContext: initialization completed in 3284 ms
2024-10-08 10:09:23 [main] WARN  o.s.b.a.o.j.JpaBaseConfiguration$JpaWebConfiguration - spring.jpa.open-in-view is enabled by default. Therefore, database queries may be performed during view rendering. Explicitly configure spring.jpa.open-in-view to disable this warning
2024-10-08 10:09:23 [main] INFO  o.h.j.i.u.LogHelper - HHH000204: Processing PersistenceUnitInfo [name: default]
2024-10-08 10:09:24 [main] INFO  o.h.Version - HHH000412: Hibernate ORM core version 6.5.3.Final
2024-10-08 10:09:24 [main] INFO  o.h.c.i.RegionFactoryInitiator - HHH000026: Second-level cache disabled
2024-10-08 10:09:24 [main] INFO  o.s.o.j.p.SpringPersistenceUnitInfo - No LoadTimeWeaver setup: ignoring JPA class transformer
2024-10-08 10:09:24 [main] INFO  c.z.h.HikariDataSource - HikariPool-1 - Starting...
2024-10-08 10:09:25 [main] INFO  c.z.h.p.HikariPool - HikariPool-1 - Added connection com.mysql.cj.jdbc.ConnectionImpl@eebd983
2024-10-08 10:09:25 [main] INFO  c.z.h.HikariDataSource - HikariPool-1 - Start completed.
2024-10-08 10:09:25 [main] WARN  o.h.o.deprecation - HHH90000025: MySQL8Dialect does not need to be specified explicitly using 'hibernate.dialect' (remove the property setting and it will be selected by default)
2024-10-08 10:09:25 [main] WARN  o.h.o.deprecation - HHH90000026: MySQL8Dialect has been deprecated; use org.hibernate.dialect.MySQLDialect instead
2024-10-08 10:09:26 [main] INFO  o.h.e.t.j.p.i.JtaPlatformInitiator - HHH000489: No JTA platform available (set 'hibernate.transaction.jta.platform' to enable JTA platform integration)
2024-10-08 10:09:26 [main] INFO  o.s.o.j.LocalContainerEntityManagerFactoryBean - Initialized JPA EntityManagerFactory for persistence unit 'default'
2024-10-08 10:09:28 [main] INFO  o.s.s.c.a.a.c.InitializeAuthenticationProviderBeanManagerConfigurer$InitializeAuthenticationProviderManagerConfigurer - Global AuthenticationManager configured with AuthenticationProvider bean with name authenticationProvider
2024-10-08 10:09:28 [main] WARN  o.s.s.c.a.a.c.InitializeUserDetailsBeanManagerConfigurer$InitializeUserDetailsManagerConfigurer - Global AuthenticationManager configured with an AuthenticationProvider bean. UserDetailsService beans will not be used for username/password login. Consider removing the AuthenticationProvider bean. Alternatively, consider using the UserDetailsService in a manually instantiated DaoAuthenticationProvider.
2024-10-08 10:09:29 [main] INFO  o.s.b.a.e.w.EndpointLinksResolver - Exposing 1 endpoint beneath base path '/actuator'
2024-10-08 10:09:30 [main] INFO  o.s.b.w.e.t.TomcatWebServer - Tomcat started on port 8080 (http) with context path '/ems/api'
2024-10-08 10:09:30 [main] INFO  c.i.e.EmployeeManagementApplication - Started EmployeeManagementApplication in 10.714 seconds (process running for 11.834)
2024-10-08 10:09:30 [RMI TCP Connection(2)-192.168.16.208] INFO  o.a.c.c.C.[.[.[/ems/api] - Initializing Spring DispatcherServlet 'dispatcherServlet'
2024-10-08 10:09:30 [RMI TCP Connection(2)-192.168.16.208] INFO  o.s.w.s.DispatcherServlet - Initializing Servlet 'dispatcherServlet'
2024-10-08 10:09:30 [RMI TCP Connection(2)-192.168.16.208] INFO  o.s.w.s.DispatcherServlet - Completed initialization in 4 ms
2024-10-08 10:10:26 [http-nio-8080-exec-4] INFO  c.i.e.s.EmployeeService - Returning employees list
2024-10-08 10:11:53 [SpringApplicationShutdownHook] INFO  o.s.o.j.LocalContainerEntityManagerFactoryBean - Closing JPA EntityManagerFactory for persistence unit 'default'
2024-10-08 10:11:53 [SpringApplicationShutdownHook] INFO  c.z.h.HikariDataSource - HikariPool-1 - Shutdown initiated...
2024-10-08 10:11:53 [SpringApplicationShutdownHook] INFO  c.z.h.HikariDataSource - HikariPool-1 - Shutdown completed.
2024-10-08 10:24:56 [main] INFO  c.i.e.EmployeeManagementApplication - Starting EmployeeManagementApplication using Java 21.0.4 with PID 16248 (C:\Users\gobi.jagadeesh\Desktop\Java\EmployeeManagementJwt\target\classes started by gobi.jagadeesh in C:\Users\gobi.jagadeesh\Desktop\Java\EmployeeManagementJwt)
2024-10-08 10:24:56 [main] INFO  c.i.e.EmployeeManagementApplication - No active profile set, falling back to 1 default profile: "default"
2024-10-08 10:24:58 [main] INFO  o.s.d.r.c.RepositoryConfigurationDelegate - Bootstrapping Spring Data JPA repositories in DEFAULT mode.
2024-10-08 10:24:58 [main] INFO  o.s.d.r.c.RepositoryConfigurationDelegate - Finished Spring Data repository scanning in 80 ms. Found 4 JPA repository interfaces.
2024-10-08 10:24:59 [main] INFO  o.s.b.w.e.t.TomcatWebServer - Tomcat initialized with port 8080 (http)
2024-10-08 10:24:59 [main] INFO  o.a.c.c.StandardService - Starting service [Tomcat]
2024-10-08 10:24:59 [main] INFO  o.a.c.c.StandardEngine - Starting Servlet engine: [Apache Tomcat/10.1.30]
2024-10-08 10:24:59 [main] INFO  o.a.c.c.C.[.[.[/ems/api] - Initializing Spring embedded WebApplicationContext
2024-10-08 10:24:59 [main] INFO  o.s.b.w.s.c.ServletWebServerApplicationContext - Root WebApplicationContext: initialization completed in 3117 ms
2024-10-08 10:24:59 [main] WARN  o.s.b.a.o.j.JpaBaseConfiguration$JpaWebConfiguration - spring.jpa.open-in-view is enabled by default. Therefore, database queries may be performed during view rendering. Explicitly configure spring.jpa.open-in-view to disable this warning
2024-10-08 10:25:00 [main] INFO  o.h.j.i.u.LogHelper - HHH000204: Processing PersistenceUnitInfo [name: default]
2024-10-08 10:25:00 [main] INFO  o.h.Version - HHH000412: Hibernate ORM core version 6.5.3.Final
2024-10-08 10:25:00 [main] INFO  o.h.c.i.RegionFactoryInitiator - HHH000026: Second-level cache disabled
2024-10-08 10:25:00 [main] INFO  o.s.o.j.p.SpringPersistenceUnitInfo - No LoadTimeWeaver setup: ignoring JPA class transformer
2024-10-08 10:25:00 [main] INFO  c.z.h.HikariDataSource - HikariPool-1 - Starting...
2024-10-08 10:25:01 [main] INFO  c.z.h.p.HikariPool - HikariPool-1 - Added connection com.mysql.cj.jdbc.ConnectionImpl@5213b887
2024-10-08 10:25:01 [main] INFO  c.z.h.HikariDataSource - HikariPool-1 - Start completed.
2024-10-08 10:25:01 [main] WARN  o.h.o.deprecation - HHH90000025: MySQL8Dialect does not need to be specified explicitly using 'hibernate.dialect' (remove the property setting and it will be selected by default)
2024-10-08 10:25:01 [main] WARN  o.h.o.deprecation - HHH90000026: MySQL8Dialect has been deprecated; use org.hibernate.dialect.MySQLDialect instead
2024-10-08 10:25:03 [main] INFO  o.h.e.t.j.p.i.JtaPlatformInitiator - HHH000489: No JTA platform available (set 'hibernate.transaction.jta.platform' to enable JTA platform integration)
2024-10-08 10:25:03 [main] INFO  o.s.o.j.LocalContainerEntityManagerFactoryBean - Initialized JPA EntityManagerFactory for persistence unit 'default'
2024-10-08 10:25:05 [main] INFO  o.s.s.c.a.a.c.InitializeAuthenticationProviderBeanManagerConfigurer$InitializeAuthenticationProviderManagerConfigurer - Global AuthenticationManager configured with AuthenticationProvider bean with name authenticationProvider
2024-10-08 10:25:05 [main] WARN  o.s.s.c.a.a.c.InitializeUserDetailsBeanManagerConfigurer$InitializeUserDetailsManagerConfigurer - Global AuthenticationManager configured with an AuthenticationProvider bean. UserDetailsService beans will not be used for username/password login. Consider removing the AuthenticationProvider bean. Alternatively, consider using the UserDetailsService in a manually instantiated DaoAuthenticationProvider.
2024-10-08 10:25:05 [main] INFO  o.s.b.a.e.w.EndpointLinksResolver - Exposing 1 endpoint beneath base path '/actuator'
2024-10-08 10:25:06 [main] INFO  o.s.b.w.e.t.TomcatWebServer - Tomcat started on port 8080 (http) with context path '/ems/api'
2024-10-08 10:25:06 [main] INFO  c.i.e.EmployeeManagementApplication - Started EmployeeManagementApplication in 11.108 seconds (process running for 12.175)
2024-10-08 10:25:07 [RMI TCP Connection(2)-192.168.16.208] INFO  o.a.c.c.C.[.[.[/ems/api] - Initializing Spring DispatcherServlet 'dispatcherServlet'
2024-10-08 10:25:07 [RMI TCP Connection(2)-192.168.16.208] INFO  o.s.w.s.DispatcherServlet - Initializing Servlet 'dispatcherServlet'
2024-10-08 10:25:07 [RMI TCP Connection(2)-192.168.16.208] INFO  o.s.w.s.DispatcherServlet - Completed initialization in 3 ms
2024-10-08 10:26:16 [SpringApplicationShutdownHook] INFO  o.s.o.j.LocalContainerEntityManagerFactoryBean - Closing JPA EntityManagerFactory for persistence unit 'default'
2024-10-08 10:26:16 [SpringApplicationShutdownHook] INFO  c.z.h.HikariDataSource - HikariPool-1 - Shutdown initiated...
2024-10-08 10:26:16 [SpringApplicationShutdownHook] INFO  c.z.h.HikariDataSource - HikariPool-1 - Shutdown completed.
2024-10-08 10:26:27 [main] INFO  c.i.e.EmployeeManagementApplication - Starting EmployeeManagementApplication using Java 21.0.4 with PID 5476 (C:\Users\gobi.jagadeesh\Desktop\Java\EmployeeManagementJwt\target\classes started by gobi.jagadeesh in C:\Users\gobi.jagadeesh\Desktop\Java\EmployeeManagementJwt)
2024-10-08 10:26:27 [main] INFO  c.i.e.EmployeeManagementApplication - No active profile set, falling back to 1 default profile: "default"
2024-10-08 10:26:29 [main] INFO  o.s.d.r.c.RepositoryConfigurationDelegate - Bootstrapping Spring Data JPA repositories in DEFAULT mode.
2024-10-08 10:26:29 [main] INFO  o.s.d.r.c.RepositoryConfigurationDelegate - Finished Spring Data repository scanning in 160 ms. Found 4 JPA repository interfaces.
2024-10-08 10:26:30 [main] INFO  o.s.b.w.e.t.TomcatWebServer - Tomcat initialized with port 8080 (http)
2024-10-08 10:26:30 [main] INFO  o.a.c.c.StandardService - Starting service [Tomcat]
2024-10-08 10:26:30 [main] INFO  o.a.c.c.StandardEngine - Starting Servlet engine: [Apache Tomcat/10.1.30]
2024-10-08 10:26:30 [main] INFO  o.a.c.c.C.[.[.[/ems/api] - Initializing Spring embedded WebApplicationContext
2024-10-08 10:26:30 [main] INFO  o.s.b.w.s.c.ServletWebServerApplicationContext - Root WebApplicationContext: initialization completed in 3689 ms
2024-10-08 10:26:31 [main] WARN  o.s.b.a.o.j.JpaBaseConfiguration$JpaWebConfiguration - spring.jpa.open-in-view is enabled by default. Therefore, database queries may be performed during view rendering. Explicitly configure spring.jpa.open-in-view to disable this warning
2024-10-08 10:26:31 [main] INFO  o.h.j.i.u.LogHelper - HHH000204: Processing PersistenceUnitInfo [name: default]
2024-10-08 10:26:31 [main] INFO  o.h.Version - HHH000412: Hibernate ORM core version 6.5.3.Final
2024-10-08 10:26:31 [main] INFO  o.h.c.i.RegionFactoryInitiator - HHH000026: Second-level cache disabled
2024-10-08 10:26:31 [main] INFO  o.s.o.j.p.SpringPersistenceUnitInfo - No LoadTimeWeaver setup: ignoring JPA class transformer
2024-10-08 10:26:32 [main] INFO  c.z.h.HikariDataSource - HikariPool-1 - Starting...
2024-10-08 10:26:32 [main] INFO  c.z.h.p.HikariPool - HikariPool-1 - Added connection com.mysql.cj.jdbc.ConnectionImpl@7fb5368e
2024-10-08 10:26:32 [main] INFO  c.z.h.HikariDataSource - HikariPool-1 - Start completed.
2024-10-08 10:26:32 [main] WARN  o.h.o.deprecation - HHH90000025: MySQL8Dialect does not need to be specified explicitly using 'hibernate.dialect' (remove the property setting and it will be selected by default)
2024-10-08 10:26:32 [main] WARN  o.h.o.deprecation - HHH90000026: MySQL8Dialect has been deprecated; use org.hibernate.dialect.MySQLDialect instead
2024-10-08 10:26:34 [main] INFO  o.h.e.t.j.p.i.JtaPlatformInitiator - HHH000489: No JTA platform available (set 'hibernate.transaction.jta.platform' to enable JTA platform integration)
2024-10-08 10:26:34 [main] INFO  o.s.o.j.LocalContainerEntityManagerFactoryBean - Initialized JPA EntityManagerFactory for persistence unit 'default'
2024-10-08 10:26:35 [main] INFO  o.s.s.c.a.a.c.InitializeAuthenticationProviderBeanManagerConfigurer$InitializeAuthenticationProviderManagerConfigurer - Global AuthenticationManager configured with AuthenticationProvider bean with name authenticationProvider
2024-10-08 10:26:35 [main] WARN  o.s.s.c.a.a.c.InitializeUserDetailsBeanManagerConfigurer$InitializeUserDetailsManagerConfigurer - Global AuthenticationManager configured with an AuthenticationProvider bean. UserDetailsService beans will not be used for username/password login. Consider removing the AuthenticationProvider bean. Alternatively, consider using the UserDetailsService in a manually instantiated DaoAuthenticationProvider.
2024-10-08 10:26:36 [main] INFO  o.s.b.a.e.w.EndpointLinksResolver - Exposing 1 endpoint beneath base path '/actuator'
2024-10-08 10:26:37 [main] INFO  o.s.b.w.e.t.TomcatWebServer - Tomcat started on port 8080 (http) with context path '/ems/api'
2024-10-08 10:26:37 [main] INFO  c.i.e.EmployeeManagementApplication - Started EmployeeManagementApplication in 11.314 seconds (process running for 12.49)
2024-10-08 10:26:38 [RMI TCP Connection(3)-192.168.16.208] INFO  o.a.c.c.C.[.[.[/ems/api] - Initializing Spring DispatcherServlet 'dispatcherServlet'
2024-10-08 10:26:38 [RMI TCP Connection(3)-192.168.16.208] INFO  o.s.w.s.DispatcherServlet - Initializing Servlet 'dispatcherServlet'
2024-10-08 10:26:38 [RMI TCP Connection(3)-192.168.16.208] INFO  o.s.w.s.DispatcherServlet - Completed initialization in 21 ms
2024-10-08 10:27:09 [http-nio-8080-exec-3] INFO  c.i.e.s.EmployeeService - Returning employees list
2024-10-08 10:27:26 [http-nio-8080-exec-5] INFO  c.i.e.s.EmployeeService - Returning employees list
2024-10-08 10:28:38 [http-nio-8080-exec-10] INFO  c.i.e.s.EmployeeService - Returning employees list
2024-10-08 10:35:30 [SpringApplicationShutdownHook] INFO  o.s.o.j.LocalContainerEntityManagerFactoryBean - Closing JPA EntityManagerFactory for persistence unit 'default'
2024-10-08 10:35:30 [SpringApplicationShutdownHook] INFO  c.z.h.HikariDataSource - HikariPool-1 - Shutdown initiated...
2024-10-08 10:35:30 [SpringApplicationShutdownHook] INFO  c.z.h.HikariDataSource - HikariPool-1 - Shutdown completed.
2024-10-08 10:35:43 [main] INFO  c.i.e.EmployeeManagementApplication - Starting EmployeeManagementApplication using Java 21.0.4 with PID 9284 (C:\Users\gobi.jagadeesh\Desktop\Java\EmployeeManagementJwt\target\classes started by gobi.jagadeesh in C:\Users\gobi.jagadeesh\Desktop\Java\EmployeeManagementJwt)
2024-10-08 10:35:43 [main] INFO  c.i.e.EmployeeManagementApplication - No active profile set, falling back to 1 default profile: "default"
2024-10-08 10:35:44 [main] INFO  o.s.d.r.c.RepositoryConfigurationDelegate - Bootstrapping Spring Data JPA repositories in DEFAULT mode.
2024-10-08 10:35:44 [main] INFO  o.s.d.r.c.RepositoryConfigurationDelegate - Finished Spring Data repository scanning in 136 ms. Found 4 JPA repository interfaces.
2024-10-08 10:35:46 [main] INFO  o.s.b.w.e.t.TomcatWebServer - Tomcat initialized with port 8080 (http)
2024-10-08 10:35:46 [main] INFO  o.a.c.c.StandardService - Starting service [Tomcat]
2024-10-08 10:35:46 [main] INFO  o.a.c.c.StandardEngine - Starting Servlet engine: [Apache Tomcat/10.1.30]
2024-10-08 10:35:46 [main] INFO  o.a.c.c.C.[.[.[/ems/api] - Initializing Spring embedded WebApplicationContext
2024-10-08 10:35:46 [main] INFO  o.s.b.w.s.c.ServletWebServerApplicationContext - Root WebApplicationContext: initialization completed in 3300 ms
2024-10-08 10:35:46 [main] WARN  o.s.b.a.o.j.JpaBaseConfiguration$JpaWebConfiguration - spring.jpa.open-in-view is enabled by default. Therefore, database queries may be performed during view rendering. Explicitly configure spring.jpa.open-in-view to disable this warning
2024-10-08 10:35:46 [main] INFO  o.h.j.i.u.LogHelper - HHH000204: Processing PersistenceUnitInfo [name: default]
2024-10-08 10:35:47 [main] INFO  o.h.Version - HHH000412: Hibernate ORM core version 6.5.3.Final
2024-10-08 10:35:47 [main] INFO  o.h.c.i.RegionFactoryInitiator - HHH000026: Second-level cache disabled
2024-10-08 10:35:47 [main] INFO  o.s.o.j.p.SpringPersistenceUnitInfo - No LoadTimeWeaver setup: ignoring JPA class transformer
2024-10-08 10:35:47 [main] INFO  c.z.h.HikariDataSource - HikariPool-1 - Starting...
2024-10-08 10:35:48 [main] INFO  c.z.h.p.HikariPool - HikariPool-1 - Added connection com.mysql.cj.jdbc.ConnectionImpl@6ae32ff0
2024-10-08 10:35:48 [main] INFO  c.z.h.HikariDataSource - HikariPool-1 - Start completed.
2024-10-08 10:35:48 [main] WARN  o.h.o.deprecation - HHH90000025: MySQL8Dialect does not need to be specified explicitly using 'hibernate.dialect' (remove the property setting and it will be selected by default)
2024-10-08 10:35:48 [main] WARN  o.h.o.deprecation - HHH90000026: MySQL8Dialect has been deprecated; use org.hibernate.dialect.MySQLDialect instead
2024-10-08 10:35:49 [main] INFO  o.h.e.t.j.p.i.JtaPlatformInitiator - HHH000489: No JTA platform available (set 'hibernate.transaction.jta.platform' to enable JTA platform integration)
2024-10-08 10:35:49 [main] INFO  o.s.o.j.LocalContainerEntityManagerFactoryBean - Initialized JPA EntityManagerFactory for persistence unit 'default'
2024-10-08 10:35:51 [main] INFO  o.s.s.c.a.a.c.InitializeAuthenticationProviderBeanManagerConfigurer$InitializeAuthenticationProviderManagerConfigurer - Global AuthenticationManager configured with AuthenticationProvider bean with name authenticationProvider
2024-10-08 10:35:51 [main] WARN  o.s.s.c.a.a.c.InitializeUserDetailsBeanManagerConfigurer$InitializeUserDetailsManagerConfigurer - Global AuthenticationManager configured with an AuthenticationProvider bean. UserDetailsService beans will not be used for username/password login. Consider removing the AuthenticationProvider bean. Alternatively, consider using the UserDetailsService in a manually instantiated DaoAuthenticationProvider.
2024-10-08 10:35:52 [main] INFO  o.s.b.a.e.w.EndpointLinksResolver - Exposing 1 endpoint beneath base path '/actuator'
2024-10-08 10:35:52 [main] INFO  o.s.b.w.e.t.TomcatWebServer - Tomcat started on port 8080 (http) with context path '/ems/api'
2024-10-08 10:35:52 [main] INFO  c.i.e.EmployeeManagementApplication - Started EmployeeManagementApplication in 10.607 seconds (process running for 11.626)
2024-10-08 10:35:53 [RMI TCP Connection(3)-192.168.16.208] INFO  o.a.c.c.C.[.[.[/ems/api] - Initializing Spring DispatcherServlet 'dispatcherServlet'
2024-10-08 10:35:53 [RMI TCP Connection(3)-192.168.16.208] INFO  o.s.w.s.DispatcherServlet - Initializing Servlet 'dispatcherServlet'
2024-10-08 10:35:53 [RMI TCP Connection(3)-192.168.16.208] INFO  o.s.w.s.DispatcherServlet - Completed initialization in 3 ms
2024-10-08 10:36:53 [http-nio-8080-exec-5] INFO  c.i.e.s.EmployeeService - Returning employees list
2024-10-08 10:56:54 [SpringApplicationShutdownHook] INFO  o.s.o.j.LocalContainerEntityManagerFactoryBean - Closing JPA EntityManagerFactory for persistence unit 'default'
2024-10-08 10:56:54 [SpringApplicationShutdownHook] INFO  c.z.h.HikariDataSource - HikariPool-1 - Shutdown initiated...
2024-10-08 10:56:54 [SpringApplicationShutdownHook] INFO  c.z.h.HikariDataSource - HikariPool-1 - Shutdown completed.
2024-10-08 10:57:05 [main] INFO  c.i.e.EmployeeManagementApplication - Starting EmployeeManagementApplication using Java 21.0.4 with PID 14464 (C:\Users\gobi.jagadeesh\Desktop\Java\EmployeeManagementJwt\target\classes started by gobi.jagadeesh in C:\Users\gobi.jagadeesh\Desktop\Java\EmployeeManagementJwt)
2024-10-08 10:57:05 [main] INFO  c.i.e.EmployeeManagementApplication - No active profile set, falling back to 1 default profile: "default"
2024-10-08 10:57:07 [main] INFO  o.s.d.r.c.RepositoryConfigurationDelegate - Bootstrapping Spring Data JPA repositories in DEFAULT mode.
2024-10-08 10:57:07 [main] INFO  o.s.d.r.c.RepositoryConfigurationDelegate - Finished Spring Data repository scanning in 159 ms. Found 4 JPA repository interfaces.
2024-10-08 10:57:09 [main] INFO  o.s.b.w.e.t.TomcatWebServer - Tomcat initialized with port 8080 (http)
2024-10-08 10:57:09 [main] INFO  o.a.c.c.StandardService - Starting service [Tomcat]
2024-10-08 10:57:09 [main] INFO  o.a.c.c.StandardEngine - Starting Servlet engine: [Apache Tomcat/10.1.30]
2024-10-08 10:57:09 [main] INFO  o.a.c.c.C.[.[.[/ems/api] - Initializing Spring embedded WebApplicationContext
2024-10-08 10:57:09 [main] INFO  o.s.b.w.s.c.ServletWebServerApplicationContext - Root WebApplicationContext: initialization completed in 3569 ms
2024-10-08 10:57:09 [main] WARN  o.s.b.a.o.j.JpaBaseConfiguration$JpaWebConfiguration - spring.jpa.open-in-view is enabled by default. Therefore, database queries may be performed during view rendering. Explicitly configure spring.jpa.open-in-view to disable this warning
2024-10-08 10:57:09 [main] INFO  o.h.j.i.u.LogHelper - HHH000204: Processing PersistenceUnitInfo [name: default]
2024-10-08 10:57:09 [main] INFO  o.h.Version - HHH000412: Hibernate ORM core version 6.5.3.Final
2024-10-08 10:57:09 [main] INFO  o.h.c.i.RegionFactoryInitiator - HHH000026: Second-level cache disabled
2024-10-08 10:57:10 [main] INFO  o.s.o.j.p.SpringPersistenceUnitInfo - No LoadTimeWeaver setup: ignoring JPA class transformer
2024-10-08 10:57:10 [main] INFO  c.z.h.HikariDataSource - HikariPool-1 - Starting...
2024-10-08 10:57:10 [main] INFO  c.z.h.p.HikariPool - HikariPool-1 - Added connection com.mysql.cj.jdbc.ConnectionImpl@c7269ad
2024-10-08 10:57:10 [main] INFO  c.z.h.HikariDataSource - HikariPool-1 - Start completed.
2024-10-08 10:57:11 [main] WARN  o.h.o.deprecation - HHH90000025: MySQL8Dialect does not need to be specified explicitly using 'hibernate.dialect' (remove the property setting and it will be selected by default)
2024-10-08 10:57:11 [main] WARN  o.h.o.deprecation - HHH90000026: MySQL8Dialect has been deprecated; use org.hibernate.dialect.MySQLDialect instead
2024-10-08 10:57:12 [main] INFO  o.h.e.t.j.p.i.JtaPlatformInitiator - HHH000489: No JTA platform available (set 'hibernate.transaction.jta.platform' to enable JTA platform integration)
2024-10-08 10:57:12 [main] INFO  o.s.o.j.LocalContainerEntityManagerFactoryBean - Initialized JPA EntityManagerFactory for persistence unit 'default'
2024-10-08 10:57:13 [main] INFO  o.s.s.c.a.a.c.InitializeAuthenticationProviderBeanManagerConfigurer$InitializeAuthenticationProviderManagerConfigurer - Global AuthenticationManager configured with AuthenticationProvider bean with name authenticationProvider
2024-10-08 10:57:13 [main] WARN  o.s.s.c.a.a.c.InitializeUserDetailsBeanManagerConfigurer$InitializeUserDetailsManagerConfigurer - Global AuthenticationManager configured with an AuthenticationProvider bean. UserDetailsService beans will not be used for username/password login. Consider removing the AuthenticationProvider bean. Alternatively, consider using the UserDetailsService in a manually instantiated DaoAuthenticationProvider.
2024-10-08 10:57:14 [main] INFO  o.s.b.a.e.w.EndpointLinksResolver - Exposing 1 endpoint beneath base path '/actuator'
2024-10-08 10:57:15 [main] INFO  o.s.b.w.e.t.TomcatWebServer - Tomcat started on port 8080 (http) with context path '/ems/api'
2024-10-08 10:57:15 [main] INFO  c.i.e.EmployeeManagementApplication - Started EmployeeManagementApplication in 10.715 seconds (process running for 11.736)
2024-10-08 10:57:16 [RMI TCP Connection(3)-192.168.16.208] INFO  o.a.c.c.C.[.[.[/ems/api] - Initializing Spring DispatcherServlet 'dispatcherServlet'
2024-10-08 10:57:16 [RMI TCP Connection(3)-192.168.16.208] INFO  o.s.w.s.DispatcherServlet - Initializing Servlet 'dispatcherServlet'
2024-10-08 10:57:16 [RMI TCP Connection(3)-192.168.16.208] INFO  o.s.w.s.DispatcherServlet - Completed initialization in 5 ms
2024-10-08 10:59:35 [SpringApplicationShutdownHook] INFO  o.s.o.j.LocalContainerEntityManagerFactoryBean - Closing JPA EntityManagerFactory for persistence unit 'default'
2024-10-08 10:59:35 [SpringApplicationShutdownHook] INFO  c.z.h.HikariDataSource - HikariPool-1 - Shutdown initiated...
2024-10-08 10:59:35 [SpringApplicationShutdownHook] INFO  c.z.h.HikariDataSource - HikariPool-1 - Shutdown completed.
2024-10-08 10:59:44 [main] INFO  c.i.e.EmployeeManagementApplication - Starting EmployeeManagementApplication using Java 21.0.4 with PID 9272 (C:\Users\gobi.jagadeesh\Desktop\Java\EmployeeManagementJwt\target\classes started by gobi.jagadeesh in C:\Users\gobi.jagadeesh\Desktop\Java\EmployeeManagementJwt)
2024-10-08 10:59:44 [main] INFO  c.i.e.EmployeeManagementApplication - No active profile set, falling back to 1 default profile: "default"
2024-10-08 10:59:46 [main] INFO  o.s.d.r.c.RepositoryConfigurationDelegate - Bootstrapping Spring Data JPA repositories in DEFAULT mode.
2024-10-08 10:59:47 [main] INFO  o.s.d.r.c.RepositoryConfigurationDelegate - Finished Spring Data repository scanning in 85 ms. Found 4 JPA repository interfaces.
2024-10-08 10:59:48 [main] INFO  o.s.b.w.e.t.TomcatWebServer - Tomcat initialized with port 8080 (http)
2024-10-08 10:59:48 [main] INFO  o.a.c.c.StandardService - Starting service [Tomcat]
2024-10-08 10:59:48 [main] INFO  o.a.c.c.StandardEngine - Starting Servlet engine: [Apache Tomcat/10.1.30]
2024-10-08 10:59:48 [main] INFO  o.a.c.c.C.[.[.[/ems/api] - Initializing Spring embedded WebApplicationContext
2024-10-08 10:59:48 [main] INFO  o.s.b.w.s.c.ServletWebServerApplicationContext - Root WebApplicationContext: initialization completed in 3410 ms
2024-10-08 10:59:48 [main] WARN  o.s.b.a.o.j.JpaBaseConfiguration$JpaWebConfiguration - spring.jpa.open-in-view is enabled by default. Therefore, database queries may be performed during view rendering. Explicitly configure spring.jpa.open-in-view to disable this warning
2024-10-08 10:59:48 [main] INFO  o.h.j.i.u.LogHelper - HHH000204: Processing PersistenceUnitInfo [name: default]
2024-10-08 10:59:48 [main] INFO  o.h.Version - HHH000412: Hibernate ORM core version 6.5.3.Final
2024-10-08 10:59:49 [main] INFO  o.h.c.i.RegionFactoryInitiator - HHH000026: Second-level cache disabled
2024-10-08 10:59:49 [main] INFO  o.s.o.j.p.SpringPersistenceUnitInfo - No LoadTimeWeaver setup: ignoring JPA class transformer
2024-10-08 10:59:49 [main] INFO  c.z.h.HikariDataSource - HikariPool-1 - Starting...
2024-10-08 10:59:50 [main] INFO  c.z.h.p.HikariPool - HikariPool-1 - Added connection com.mysql.cj.jdbc.ConnectionImpl@1c23e369
2024-10-08 10:59:50 [main] INFO  c.z.h.HikariDataSource - HikariPool-1 - Start completed.
2024-10-08 10:59:50 [main] WARN  o.h.o.deprecation - HHH90000025: MySQL8Dialect does not need to be specified explicitly using 'hibernate.dialect' (remove the property setting and it will be selected by default)
2024-10-08 10:59:50 [main] WARN  o.h.o.deprecation - HHH90000026: MySQL8Dialect has been deprecated; use org.hibernate.dialect.MySQLDialect instead
2024-10-08 10:59:51 [main] INFO  o.h.e.t.j.p.i.JtaPlatformInitiator - HHH000489: No JTA platform available (set 'hibernate.transaction.jta.platform' to enable JTA platform integration)
2024-10-08 10:59:52 [main] INFO  o.s.o.j.LocalContainerEntityManagerFactoryBean - Initialized JPA EntityManagerFactory for persistence unit 'default'
2024-10-08 10:59:53 [main] INFO  o.s.s.c.a.a.c.InitializeAuthenticationProviderBeanManagerConfigurer$InitializeAuthenticationProviderManagerConfigurer - Global AuthenticationManager configured with AuthenticationProvider bean with name authenticationProvider
2024-10-08 10:59:53 [main] WARN  o.s.s.c.a.a.c.InitializeUserDetailsBeanManagerConfigurer$InitializeUserDetailsManagerConfigurer - Global AuthenticationManager configured with an AuthenticationProvider bean. UserDetailsService beans will not be used for username/password login. Consider removing the AuthenticationProvider bean. Alternatively, consider using the UserDetailsService in a manually instantiated DaoAuthenticationProvider.
2024-10-08 10:59:54 [main] INFO  o.s.b.a.e.w.EndpointLinksResolver - Exposing 1 endpoint beneath base path '/actuator'
2024-10-08 10:59:55 [main] INFO  o.s.b.w.e.t.TomcatWebServer - Tomcat started on port 8080 (http) with context path '/ems/api'
2024-10-08 10:59:55 [main] INFO  c.i.e.EmployeeManagementApplication - Started EmployeeManagementApplication in 11.2 seconds (process running for 12.271)
2024-10-08 10:59:55 [RMI TCP Connection(2)-192.168.16.208] INFO  o.a.c.c.C.[.[.[/ems/api] - Initializing Spring DispatcherServlet 'dispatcherServlet'
2024-10-08 10:59:55 [RMI TCP Connection(2)-192.168.16.208] INFO  o.s.w.s.DispatcherServlet - Initializing Servlet 'dispatcherServlet'
2024-10-08 10:59:55 [RMI TCP Connection(2)-192.168.16.208] INFO  o.s.w.s.DispatcherServlet - Completed initialization in 11 ms
2024-10-08 11:08:59 [SpringApplicationShutdownHook] INFO  o.s.o.j.LocalContainerEntityManagerFactoryBean - Closing JPA EntityManagerFactory for persistence unit 'default'
2024-10-08 11:08:59 [SpringApplicationShutdownHook] INFO  c.z.h.HikariDataSource - HikariPool-1 - Shutdown initiated...
2024-10-08 11:08:59 [SpringApplicationShutdownHook] INFO  c.z.h.HikariDataSource - HikariPool-1 - Shutdown completed.
2024-10-08 11:09:08 [main] INFO  c.i.e.EmployeeManagementApplication - Starting EmployeeManagementApplication using Java 21.0.4 with PID 13196 (C:\Users\gobi.jagadeesh\Desktop\Java\EmployeeManagementJwt\target\classes started by gobi.jagadeesh in C:\Users\gobi.jagadeesh\Desktop\Java\EmployeeManagementJwt)
2024-10-08 11:09:08 [main] INFO  c.i.e.EmployeeManagementApplication - No active profile set, falling back to 1 default profile: "default"
2024-10-08 11:09:10 [main] INFO  o.s.d.r.c.RepositoryConfigurationDelegate - Bootstrapping Spring Data JPA repositories in DEFAULT mode.
2024-10-08 11:09:10 [main] INFO  o.s.d.r.c.RepositoryConfigurationDelegate - Finished Spring Data repository scanning in 80 ms. Found 4 JPA repository interfaces.
2024-10-08 11:09:12 [main] INFO  o.s.b.w.e.t.TomcatWebServer - Tomcat initialized with port 8080 (http)
2024-10-08 11:09:12 [main] INFO  o.a.c.c.StandardService - Starting service [Tomcat]
2024-10-08 11:09:12 [main] INFO  o.a.c.c.StandardEngine - Starting Servlet engine: [Apache Tomcat/10.1.30]
2024-10-08 11:09:12 [main] INFO  o.a.c.c.C.[.[.[/ems/api] - Initializing Spring embedded WebApplicationContext
2024-10-08 11:09:12 [main] INFO  o.s.b.w.s.c.ServletWebServerApplicationContext - Root WebApplicationContext: initialization completed in 3557 ms
2024-10-08 11:09:12 [main] WARN  o.s.b.a.o.j.JpaBaseConfiguration$JpaWebConfiguration - spring.jpa.open-in-view is enabled by default. Therefore, database queries may be performed during view rendering. Explicitly configure spring.jpa.open-in-view to disable this warning
2024-10-08 11:09:12 [main] INFO  o.h.j.i.u.LogHelper - HHH000204: Processing PersistenceUnitInfo [name: default]
2024-10-08 11:09:12 [main] INFO  o.h.Version - HHH000412: Hibernate ORM core version 6.5.3.Final
2024-10-08 11:09:12 [main] INFO  o.h.c.i.RegionFactoryInitiator - HHH000026: Second-level cache disabled
2024-10-08 11:09:13 [main] INFO  o.s.o.j.p.SpringPersistenceUnitInfo - No LoadTimeWeaver setup: ignoring JPA class transformer
2024-10-08 11:09:13 [main] INFO  c.z.h.HikariDataSource - HikariPool-1 - Starting...
2024-10-08 11:09:13 [main] INFO  c.z.h.p.HikariPool - HikariPool-1 - Added connection com.mysql.cj.jdbc.ConnectionImpl@1d67348a
2024-10-08 11:09:13 [main] INFO  c.z.h.HikariDataSource - HikariPool-1 - Start completed.
2024-10-08 11:09:14 [main] WARN  o.h.o.deprecation - HHH90000025: MySQL8Dialect does not need to be specified explicitly using 'hibernate.dialect' (remove the property setting and it will be selected by default)
2024-10-08 11:09:14 [main] WARN  o.h.o.deprecation - HHH90000026: MySQL8Dialect has been deprecated; use org.hibernate.dialect.MySQLDialect instead
2024-10-08 11:09:15 [main] INFO  o.h.e.t.j.p.i.JtaPlatformInitiator - HHH000489: No JTA platform available (set 'hibernate.transaction.jta.platform' to enable JTA platform integration)
2024-10-08 11:09:15 [main] INFO  o.s.o.j.LocalContainerEntityManagerFactoryBean - Initialized JPA EntityManagerFactory for persistence unit 'default'
2024-10-08 11:09:17 [main] INFO  o.s.s.c.a.a.c.InitializeAuthenticationProviderBeanManagerConfigurer$InitializeAuthenticationProviderManagerConfigurer - Global AuthenticationManager configured with AuthenticationProvider bean with name authenticationProvider
2024-10-08 11:09:17 [main] WARN  o.s.s.c.a.a.c.InitializeUserDetailsBeanManagerConfigurer$InitializeUserDetailsManagerConfigurer - Global AuthenticationManager configured with an AuthenticationProvider bean. UserDetailsService beans will not be used for username/password login. Consider removing the AuthenticationProvider bean. Alternatively, consider using the UserDetailsService in a manually instantiated DaoAuthenticationProvider.
2024-10-08 11:09:17 [main] INFO  o.s.b.a.e.w.EndpointLinksResolver - Exposing 1 endpoint beneath base path '/actuator'
2024-10-08 11:09:18 [main] INFO  o.s.b.w.e.t.TomcatWebServer - Tomcat started on port 8080 (http) with context path '/ems/api'
2024-10-08 11:09:18 [main] INFO  c.i.e.EmployeeManagementApplication - Started EmployeeManagementApplication in 10.978 seconds (process running for 12.127)
2024-10-08 11:09:19 [RMI TCP Connection(3)-192.168.16.208] INFO  o.a.c.c.C.[.[.[/ems/api] - Initializing Spring DispatcherServlet 'dispatcherServlet'
2024-10-08 11:09:19 [RMI TCP Connection(3)-192.168.16.208] INFO  o.s.w.s.DispatcherServlet - Initializing Servlet 'dispatcherServlet'
2024-10-08 11:09:19 [RMI TCP Connection(3)-192.168.16.208] INFO  o.s.w.s.DispatcherServlet - Completed initialization in 3 ms
2024-10-08 11:09:46 [http-nio-8080-exec-4] INFO  c.i.e.s.EmployeeService - Returning employees list
2024-10-08 11:10:29 [http-nio-8080-exec-8] INFO  c.i.e.s.EmployeeService - Returning employees list
2024-10-08 11:51:25 [HikariPool-1 housekeeper] WARN  c.z.h.p.HikariPool - HikariPool-1 - Thread starvation or clock leap detected (housekeeper delta=16m41s108ms344s300ns).
2024-10-08 12:02:52 [SpringApplicationShutdownHook] INFO  o.s.o.j.LocalContainerEntityManagerFactoryBean - Closing JPA EntityManagerFactory for persistence unit 'default'
2024-10-08 12:02:52 [SpringApplicationShutdownHook] INFO  c.z.h.HikariDataSource - HikariPool-1 - Shutdown initiated...
2024-10-08 12:02:52 [SpringApplicationShutdownHook] INFO  c.z.h.HikariDataSource - HikariPool-1 - Shutdown completed.
